Name: 万荣综合, URL: http://60.222.246.220:19433/hls1.m3u8$订阅源, Date: None, Delay: 1872 ms, Speed: 0.30 M/s, Resolution: None
Name: 原平综合, URL: http://xkmspyxn.live.sxmty.com/live/hls/65072fcc05414062bf02088d2a2a77b2/9da977614b044ef59d11779e997a12f8-1.m3u8?zshanxd$订阅源, Date: None, Delay: 3681 ms, Speed: 0.21 M/s, Resolution: None
Name: 吉县新闻综合, URL: http://jxlive.jxrmtzx.com:8091/live/xwzh.m3u8?zshanxd$订阅源, Date: None, Delay: 1468 ms, Speed: 0.32 M/s, Resolution: None
Name: 吉县新闻综合, URL: http://jxlive.jxrmtzx.com:8091/live/xwzh.m3u8$订阅源, Date: None, Delay: 1468 ms, Speed: 0.32 M/s, Resolution: None
Name: 定襄综合, URL: http://lbyzztfe.live.sxmty.com:80/live/hls/645ff4c60e0a49f0a203abbd73dd8be9/0720e665f10f48e98c9639f4f492fb4a-1.m3u8$订阅源, Date: None, Delay: 2310 ms, Speed: 0.36 M/s, Resolution: None
Name: 定襄综合, URL: http://lbyzztfe.live.sxmty.com/live/hls/645ff4c60e0a49f0a203abbd73dd8be9/0720e665f10f48e98c9639f4f492fb4a-1.m3u8$订阅源, Date: None, Delay: 898 ms, Speed: 0.30 M/s, Resolution: None
Name: 定襄综合, URL: http://lbyzztfe.live.sxmty.com/live/hls/645ff4c60e0a49f0a203abbd73dd8be9/0720e665f10f48e98c9639f4f492fb4a-1.m3u8?zshanxd$订阅源, Date: None, Delay: 898 ms, Speed: 0.30 M/s, Resolution: None
Name: 平遥新闻综合, URL: https://tntgjhjb.live.sxmty.com/live/hls/3a4585ac11ec4e1bb07b419101b370c3/baf63e2b313440c2a25d7859f9b73b05-1.m3u8?zshanxd$订阅源, Date: None, Delay: 1823 ms, Speed: 0.32 M/s, Resolution: None
Name: 怀仁综合, URL: http://1yp7hc5p.live.sxmty.com/live/hls/bff8529922344209985b6e49baa9555a/efa2543628fc4a7ea93d3d6c975f77dc.m3u8?zshanxd$订阅源, Date: None, Delay: None ms, Speed: 0.00 M/s, Resolution: None
Name: 武乡新闻综合, URL: http://60.220.198.84:81/0.m3u8$订阅源, Date: None, Delay: 653 ms, Speed: 0.90 M/s, Resolution: None
Name: 潞城新闻综合, URL: http://59.48.42.6:62204/lucheng.m3u8$订阅源, Date: None, Delay: 943 ms, Speed: 0.70 M/s, Resolution: None
Name: 潞城新闻综合, URL: http://59.48.42.6:62204/lucheng.m3u8?zshanxd$订阅源, Date: None, Delay: 943 ms, Speed: 0.70 M/s, Resolution: None
Name: 运城一套新闻综合, URL: http://live.0359tv.com/lsdream/ss4Lj11/live.m3u8$订阅源, Date: None, Delay: None ms, Speed: 0.00 M/s, Resolution: None
Name: 运城三套科教, URL: http://live.0359tv.com/lsdream/p5eq48m/live.m3u8$订阅源, Date: None, Delay: None ms, Speed: 0.00 M/s, Resolution: None
Name: 运城二套公共, URL: http://live.0359tv.com/lsdream/t667aTY/live.m3u8$订阅源, Date: None, Delay: None ms, Speed: 0.00 M/s, Resolution: None
Name: 运城新闻综合, URL: http://live.0359tv.com/lsdream/ss4Lj11/1000/live.m3u8?zshanxd$订阅源, Date: None, Delay: None ms, Speed: 0.00 M/s, Resolution: None
Name: 运城新闻综合, URL: http://live.0359tv.com/lsdream/ss4Lj11/1000/live.m3u8$订阅源, Date: None, Delay: None ms, Speed: 0.00 M/s, Resolution: None
Name: 运城科技教育, URL: http://live.0359tv.com/lsdream/p5eq48m/1000/live.m3u8?zshanxd$订阅源, Date: None, Delay: None ms, Speed: 0.00 M/s, Resolution: None
Name: 闻喜综合, URL: https://www.wxhcgbds.com:8081/channelTv/WXTV_1.m3u8?zshanxd$订阅源, Date: None, Delay: 2318 ms, Speed: 0.02 M/s, Resolution: None
Name: 阳曲综合, URL: https://83awgyp5.live.sxmty.com/live/hls/6f6f4b36f9bd42628b718b595ba507ed/724b7e8907a8414d873eb2a2f69bfa18.m3u8?zshanxd$订阅源, Date: None, Delay: None ms, Speed: 0.00 M/s, Resolution: None
Name: 黎城综合, URL: http://111.53.96.67:8081/live/1/index.m3u8$订阅源, Date: None, Delay: 351 ms, Speed: 1.52 M/s, Resolution: None
Name: 精品纪录, URL: http://[2409:8087:1a0b:df::4007]:80/ottrrs.hl.chinamobile.com/PLTV/88888888/224/3221225672/index.m3u8$订阅源, Date: None, Delay: -inf ms, Speed: inf M/s, Resolution: None
Name: 精品纪录, URL: http://[2409:8087:74d9:21::6]:80/270000001128/9900000109/index.m3u8$订阅源, Date: None, Delay: -inf ms, Speed: inf M/s, Resolution: None
Name: 精品纪录, URL: http://[2409:8087:74d6:22::7]:6410/270000001128/9900000109/index.m3u8?$订阅源, Date: None, Delay: -inf ms, Speed: inf M/s, Resolution: None
Name: 精品体育, URL: http://[2409:8087:1a0b:df::4004]:80/ottrrs.hl.chinamobile.com/PLTV/88888888/224/3221225674/index.m3u8$订阅源, Date: None, Delay: -inf ms, Speed: inf M/s, Resolution: None
Name: 精品体育, URL: http://[2409:8087:1a01:df::7005]/ottrrs.hl.chinamobile.com/PLTV/88888888/224/3221225674/index.m3u8$订阅源, Date: None, Delay: -inf ms, Speed: inf M/s, Resolution: None
Name: 精品体育, URL: http://[2409:8087:5e00:24::1e]:6060/200000001898/460000089800010078/1.m3u8$订阅源, Date: None, Delay: -inf ms, Speed: inf M/s, Resolution: None
Name: 精品体育, URL: http://[2409:8087:5e00:24::1e]:6060/000000001000/1000000004000014634/1.m3u8$订阅源, Date: None, Delay: -inf ms, Speed: inf M/s, Resolution: None
Name: 精品体育, URL: http://[2409:8087:74d9:21::6]/270000001128/9900000102/index.m3u8$订阅源, Date: None, Delay: -inf ms, Speed: inf M/s, Resolution: None
Name: 精品体育, URL: http://[2409:8087:1a01:df::7005]:80/ottrrs.hl.chinamobile.com/PLTV/88888888/224/3221225674/index.m3u8$订阅源, Date: None, Delay: -inf ms, Speed: inf M/s, Resolution: None
Name: 精品体育, URL: http://[2409:8087:5e08:24::11]:6610/000000001000/1000000004000014634/1.m3u8?channel-id=ystenlive&Contentid=1000000004000014634&livemode=1&stbId=3$订阅源, Date: None, Delay: -inf ms, Speed: inf M/s, Resolution: None
Name: 精品体育, URL: http://[2409:8087:74d9:21::6]:80/270000001128/9900000102/index.m3u8$订阅源, Date: None, Delay: -inf ms, Speed: inf M/s, Resolution: None
Name: 精品体育, URL: http://[2409:8087:1a0b:df::4004]:80/ottrrs.hl.chinamobile.com/TVOD/88888888/224/3221225674/index.m3u8$订阅源, Date: None, Delay: -inf ms, Speed: inf M/s, Resolution: None
Name: 精品体育, URL: http://[2409:8087:74d6:22::7]:6410/270000001128/9900000102/index.m3u8?$订阅源, Date: None, Delay: -inf ms, Speed: inf M/s, Resolution: None
Name: 精品体育, URL: http://[2409:8087:74d6:22::7]:6410/270000001128/9900000102/index.m3u8?channel-id=newtv&livemode=4&Contentid=9900000102$订阅源, Date: None, Delay: -inf ms, Speed: inf M/s, Resolution: None
Name: 精品萌宠, URL: http://[2409:8087:1a01:df::7005]:80/ottrrs.hl.chinamobile.com/PLTV/88888888/224/3221226505/index.m3u8$订阅源, Date: None, Delay: -inf ms, Speed: inf M/s, Resolution: None
Name: 精品萌宠, URL: http://[2409:8087:74d9:21::6]:80/270000001128/9900000122/index.m3u8$订阅源, Date: None, Delay: -inf ms, Speed: inf M/s, Resolution: None
Name: 精品萌宠, URL: http://[2409:8087:74d6:22::7]:6410/270000001128/9900000122/index.m3u8?$订阅源, Date: None, Delay: -inf ms, Speed: inf M/s, Resolution: None
Name: 爱情喜剧, URL: http://[2409:8087:1a01:df::7005]:80/ottrrs.hl.chinamobile.com/PLTV/88888888/224/3221225669/index.m3u8$订阅源, Date: None, Delay: -inf ms, Speed: inf M/s, Resolution: None
Name: 超级电视剧, URL: http://[2409:8087:1a01:df::7005]:80/ottrrs.hl.chinamobile.com/PLTV/88888888/224/3221225716/index.m3u8$订阅源, Date: None, Delay: -inf ms, Speed: inf M/s, Resolution: None
Name: 超级电影, URL: http://[2409:8087:1a0b:df::4006]:80/ottrrs.hl.chinamobile.com/PLTV/88888888/224/3221225717/index.m3u8$订阅源, Date: None, Delay: -inf ms, Speed: inf M/s, Resolution: None
Name: 超级电影, URL: http://[2409:8087:74d9:21::6]:80/270000001128/9900000021/index.m3u8$订阅源, Date: None, Delay: -inf ms, Speed: inf M/s, Resolution: None
Name: 超级电影, URL: http://[2409:8087:1a01:df::7005]:80/ottrrs.hl.chinamobile.com/PLTV/88888888/224/3221225717/index.m3u8$订阅源, Date: None, Delay: -inf ms, Speed: inf M/s, Resolution: None
Name: 超级电影, URL: http://[2409:8087:1a01:df::7005]:80/ottrrs.hl.chinamobile.com/TVOD/88888888/224/3221225717/index.m3u8$订阅源, Date: None, Delay: -inf ms, Speed: inf M/s, Resolution: None
Name: 超级电影, URL: http://[2409:8087:74d6:22::7]:6410/270000001128/9900000021/index.m3u8?$订阅源, Date: None, Delay: -inf ms, Speed: inf M/s, Resolution: None
Name: 超级体育, URL: http://[2409:8087:5e00:24::1e]:6060/000000001000/1000000001000009601/1.m3u8$订阅源, Date: None, Delay: -inf ms, Speed: inf M/s, Resolution: None
Name: 超级体育, URL: http://[2409:8087:5e00:24::1e]:6060/000000001000/1000000001000009601/$订阅源, Date: None, Delay: -inf ms, Speed: inf M/s, Resolution: None
Name: 超级体育, URL: http://[2409:8087:1a0b:df::4017]:80/ottrrs.hl.chinamobile.com/PLTV/88888888/224/3221225715/index.m3u8$订阅源, Date: None, Delay: -inf ms, Speed: inf M/s, Resolution: None
Name: 超级体育, URL: http://[2409:8087:1a01:df::7005]:80/ottrrs.hl.chinamobile.com/PLTV/88888888/224/3221225715/index.m3u8$订阅源, Date: None, Delay: -inf ms, Speed: inf M/s, Resolution: None
Name: 超级体育, URL: http://[2409:8087:5e00:24::1e]:6060/200000001898/460000089800010063/$订阅源, Date: None, Delay: -inf ms, Speed: inf M/s, Resolution: None
Name: 超级体育, URL: http://[2409:8087:74d9:21::4]/270000001128/index.m3u8?cmcc_cid=9900000020$订阅源, Date: None, Delay: -inf ms, Speed: inf M/s, Resolution: None
Name: 超级体育, URL: http://[2409:8087:1a01:df::7005]/ottrrs.hl.chinamobile.com/PLTV/88888888/224/3221225715/index.m3u8$订阅源, Date: None, Delay: -inf ms, Speed: inf M/s, Resolution: None
Name: 超级体育, URL: http://[2409:8087:5e08:24::17]:6610/000000001000/1000000004000007755/index.m3u8?channel-id=bestzb&Contentid=1000000004000007755&livemode=1&stbId=3$订阅源, Date: None, Delay: -inf ms, Speed: inf M/s, Resolution: None
Name: 超级体育, URL: http://[2409:8087:5e08:24::11]:6610/000000001000/1000000001000009601/1.m3u8?channel-id=ystenlive&Contentid=1000000001000009601&livemode=1&stbId=3$订阅源, Date: None, Delay: -inf ms, Speed: inf M/s, Resolution: None
Name: 超级体育, URL: http://[2409:8087:1a0a:df::4016]/wh7f454c46tw2798497282_1170252542/ottrrs.hl.chinamobile.com/PLTV/88888888/224/3221225715/index.m3u8?icpid=88888888&RTS=1713110634&from=4&hms_devid=992&online=1713110634&vqe=3$订阅源, Date: None, Delay: -inf ms, Speed: inf M/s, Resolution: None
Name: 超级体育, URL: http://[2409:8087:74d9:21::6]:80/270000001128/9900000020/index.m3u8$订阅源, Date: None, Delay: -inf ms, Speed: inf M/s, Resolution: None
Name: 超级体育, URL: http://[2409:8087:74d9:21::4]:80/270000001128/index.m3u8?cmcc_cid=9900000020$订阅源, Date: None, Delay: -inf ms, Speed: inf M/s, Resolution: None
Name: 超级体育, URL: http://[2409:8087:1a01:df::7005]:80/ottrrs.hl.chinamobile.com/TVOD/88888888/224/3221225715/index.m3u8$订阅源, Date: None, Delay: -inf ms, Speed: inf M/s, Resolution: None
Name: 超级体育, URL: http://[2409:8087:5e00:24::1e]:6060/000000001000/1000000001000009204/1.m3u8$订阅源, Date: None, Delay: -inf ms, Speed: inf M/s, Resolution: None
Name: 超级体育, URL: http://[2409:8087:74d6:22::7]:6410/270000001128/9900000020/index.m3u8?$订阅源, Date: None, Delay: -inf ms, Speed: inf M/s, Resolution: None
Name: 超级体育, URL: http://[2409:8087:74d6:22::7]:6410/270000001128/9900000020/index.m3u8?channel-id=newtv&livemode=4&Contentid=9900000020$订阅源, Date: None, Delay: -inf ms, Speed: inf M/s, Resolution: None
Name: 超级体育, URL: http://[2409:8087:5e08:24::17]:6610/000000001000/1000000001000009601/index.m3u8?channel-id=ystenlive&Contentid=1000000001000009601&livemode=1&stbId=YanG-1989$订阅源, Date: None, Delay: -inf ms, Speed: inf M/s, Resolution: None
Name: 超级综艺, URL: http://[2409:8087:1a01:df::7005]:80/ottrrs.hl.chinamobile.com/TVOD/88888888/224/3221225714/index.m3u8$订阅源, Date: None, Delay: -inf ms, Speed: inf M/s, Resolution: None
Name: 超级综艺, URL: http://[2409:8087:5e00:24::1e]:6060/200000001898/460000089800010062/1.m3u8$订阅源, Date: None, Delay: -inf ms, Speed: inf M/s, Resolution: None
Name: 超级综艺, URL: http://[2409:8087:74d9:21::4]/270000001128/index.m3u8?cmcc_cid=9900000019$订阅源, Date: None, Delay: -inf ms, Speed: inf M/s, Resolution: None
Name: 超级综艺, URL: http://[2409:8087:74d9:21::4]:80/270000001128/index.m3u8?cmcc_cid=9900000019$订阅源, Date: None, Delay: -inf ms, Speed: inf M/s, Resolution: None
Name: 超级综艺, URL: http://[2409:8087:74d9:21::6]:80/270000001128/9900000019/index.m3u8$订阅源, Date: None, Delay: -inf ms, Speed: inf M/s, Resolution: None
Name: 超级综艺, URL: http://[2409:8087:5e08:24::11]:6610/000000001000/1000000006000268002/1.m3u8?channel-id=ystenlive&Contentid=1000000006000268002&livemode=1&stbId=3$订阅源, Date: None, Delay: -inf ms, Speed: inf M/s, Resolution: None
Name: 超级综艺, URL: http://[2409:8087:1a0a:df::4016]:80/ottrrs.hl.chinamobile.com/PLTV/88888888/224/3221225714/index.m3u8$订阅源, Date: None, Delay: -inf ms, Speed: inf M/s, Resolution: None
Name: 超级综艺, URL: http://[2409:8087:1a01:df::7005]:80/ottrrs.hl.chinamobile.com/PLTV/88888888/224/3221225714/index.m3u8$订阅源, Date: None, Delay: -inf ms, Speed: inf M/s, Resolution: None
Name: 超级综艺, URL: http://[2409:8087:1a01:df::7005]/ottrrs.hl.chinamobile.com/PLTV/88888888/224/3221225714/index.m3u8$订阅源, Date: None, Delay: -inf ms, Speed: inf M/s, Resolution: None
Name: 超级综艺, URL: http://[2409:8087:74d6:22::7]:6410/270000001128/9900000019/index.m3u8?$订阅源, Date: None, Delay: -inf ms, Speed: inf M/s, Resolution: None
Name: 超级综艺, URL: http://[2409:8087:74d6:22::7]:6410/270000001128/9900000019/index.m3u8?channel-id=newtv&livemode=4&Contentid=9900000019$订阅源, Date: None, Delay: -inf ms, Speed: inf M/s, Resolution: None
Name: 潮妈辣婆, URL: http://[2409:8087:74d9:21::6]:80/270000001128/9900000099/index.m3u8$订阅源, Date: None, Delay: -inf ms, Speed: inf M/s, Resolution: None
Name: 潮妈辣婆, URL: http://[2409:8087:1a0b:df::4007]:80/ottrrs.hl.chinamobile.com/PLTV/88888888/224/3221225685/index.m3u8$订阅源, Date: None, Delay: -inf ms, Speed: inf M/s, Resolution: None
Name: 潮妈辣婆, URL: http://[2409:8087:74d6:22::7]:6410/270000001128/9900000099/index.m3u8?$订阅源, Date: None, Delay: -inf ms, Speed: inf M/s, Resolution: None
Name: 东北热剧, URL: http://[2409:8087:74d9:21::6]:80/270000001128/9900000092/index.m3u8$订阅源, Date: None, Delay: -inf ms, Speed: inf M/s, Resolution: None
Name: 东北热剧, URL: http://[2409:8087:1a01:df::7005]:80/ottrrs.hl.chinamobile.com/PLTV/88888888/224/3221225741/index.m3u8$订阅源, Date: None, Delay: -inf ms, Speed: inf M/s, Resolution: None
Name: 东北热剧, URL: http://[2409:8087:74d6:22::7]:6410/270000001128/9900000092/index.m3u8?$订阅源, Date: None, Delay: -inf ms, Speed: inf M/s, Resolution: None
Name: 古装剧场, URL: http://[2409:8087:1a01:df::7005]/ottrrs.hl.chinamobile.com/PLTV/88888888/224/3221225663/index.m3u8$订阅源, Date: None, Delay: -inf ms, Speed: inf M/s, Resolution: None
Name: 古装剧场, URL: http://[2409:8087:1a01:df::7005]:80/ottrrs.hl.chinamobile.com/PLTV/88888888/224/3221225663/index.m3u8$订阅源, Date: None, Delay: -inf ms, Speed: inf M/s, Resolution: None
Name: 欢乐剧场, URL: http://[2409:8087:5e00:24::1e]:6060/200000001898/460000089800010025/1.m3u8$订阅源, Date: None, Delay: -inf ms, Speed: inf M/s, Resolution: None
Name: 欢乐剧场, URL: http://[2409:8087:1a01:df::7005]:80/ottrrs.hl.chinamobile.com/PLTV/88888888/224/3221225742/index.m3u8$订阅源, Date: None, Delay: -inf ms, Speed: inf M/s, Resolution: None
Name: 欢乐剧场, URL: http://[2409:8087:74d9:21::6]:80/270000001128/9900000091/index.m3u8$订阅源, Date: None, Delay: -inf ms, Speed: inf M/s, Resolution: None
Name: 欢乐剧场, URL: http://[2409:8087:74d6:22::7]:6410/270000001128/9900000091/index.m3u8?$订阅源, Date: None, Delay: -inf ms, Speed: inf M/s, Resolution: None
Name: 家庭剧场, URL: http://[2409:8087:1a0b:df::4007]:80/ottrrs.hl.chinamobile.com/PLTV/88888888/224/3221225677/index.m3u8$订阅源, Date: None, Delay: -inf ms, Speed: inf M/s, Resolution: None
Name: 家庭剧场, URL: http://[2409:8087:74d9:21::6]:80/270000001128/9900000108/index.m3u8$订阅源, Date: None, Delay: -inf ms, Speed: inf M/s, Resolution: None
Name: 家庭剧场, URL: http://[2409:8087:1a01:df::7005]:80/ottrrs.hl.chinamobile.com/PLTV/88888888/224/3221225677/index.m3u8$订阅源, Date: None, Delay: -inf ms, Speed: inf M/s, Resolution: None
Name: 家庭剧场, URL: http://[2409:8087:74d6:22::7]:6410/270000001128/9900000108/index.m3u8?$订阅源, Date: None, Delay: -inf ms, Speed: inf M/s, Resolution: None
Name: 军旅剧场, URL: http://[2409:8087:74d9:21::6]:80/270000001128/9900000107/index.m3u8$订阅源, Date: None, Delay: -inf ms, Speed: inf M/s, Resolution: None
Name: 军旅剧场, URL: http://[2409:8087:1a0b:df::4018]:80/ottrrs.hl.chinamobile.com/PLTV/88888888/224/3221225676/index.m3u8$订阅源, Date: None, Delay: -inf ms, Speed: inf M/s, Resolution: None
Name: 军旅剧场, URL: http://[2409:8087:1a01:df::7005]:80/ottrrs.hl.chinamobile.com/PLTV/88888888/224/3221225676/index.m3u8$订阅源, Date: None, Delay: -inf ms, Speed: inf M/s, Resolution: None
Name: 军旅剧场, URL: http://[2409:8087:74d6:22::7]:6410/270000001128/9900000107/index.m3u8?$订阅源, Date: None, Delay: -inf ms, Speed: inf M/s, Resolution: None
Name: 军事评论, URL: http://[2409:8087:74d9:21::6]:80/270000001128/9900000110/index.m3u8$订阅源, Date: None, Delay: -inf ms, Speed: inf M/s, Resolution: None
Name: 军事评论, URL: http://[2409:8087:1a01:df::7005]:80/ottrrs.hl.chinamobile.com/PLTV/88888888/224/3221225668/index.m3u8$订阅源, Date: None, Delay: -inf ms, Speed: inf M/s, Resolution: None
Name: 军事评论, URL: http://[2409:8087:1a0b:df::4005]:80/ottrrs.hl.chinamobile.com/PLTV/88888888/224/3221225668/index.m3u8$订阅源, Date: None, Delay: -inf ms, Speed: inf M/s, Resolution: None
Name: 军事评论, URL: http://[2409:8087:74d6:22::7]:6410/270000001128/9900000110/index.m3u8?$订阅源, Date: None, Delay: -inf ms, Speed: inf M/s, Resolution: None
Name: 魅力潇湘, URL: http://[2409:8087:5e08:24::11]:6610/000000001000/2000000003000000041/index.m3u8?stbId=3&livemode=1&HlsProfileId=&channel-id=hnbblive&Contentid=2000000003000000041&IASHttpSessionId=OTT19019320240419154124000281&yang-1989$订阅源, Date: None, Delay: -inf ms, Speed: inf M/s, Resolution: None
Name: 农业致富, URL: http://[2409:8087:5e00:24::1e]:6060/200000001898/460000089800010085/1.m3u8$订阅源, Date: None, Delay: -inf ms, Speed: inf M/s, Resolution: None
Name: 中国功夫, URL: http://[2409:8087:74d9:21::6]:80/270000001128/9900000101/index.m3u8$订阅源, Date: None, Delay: -inf ms, Speed: inf M/s, Resolution: None
Name: 中国功夫, URL: http://[2409:8087:1a01:df::7005]:80/ottrrs.hl.chinamobile.com/PLTV/88888888/224/3221225681/index.m3u8$订阅源, Date: None, Delay: -inf ms, Speed: inf M/s, Resolution: None
Name: 中国功夫, URL: http://[2409:8087:1a0b:df::4001]:80/ottrrs.hl.chinamobile.com/PLTV/88888888/224/3221225681/index.m3u8$订阅源, Date: None, Delay: -inf ms, Speed: inf M/s, Resolution: None
Name: 中国功夫, URL: http://[2409:8087:74d6:22::7]:6410/270000001128/9900000101/index.m3u8?$订阅源, Date: None, Delay: -inf ms, Speed: inf M/s, Resolution: None
Name: 黑莓电影, URL: http://[2409:8087:1a01:df::7005]/ottrrs.hl.chinamobile.com/PLTV/2/224/3221225743/2.m3u8$订阅源, Date: None, Delay: -inf ms, Speed: inf M/s, Resolution: None
Name: 黑莓电影, URL: http://[2409:8087:5e00:24::1e]:6060/000000001000/1000000004000019624/1.m3u8$订阅源, Date: None, Delay: -inf ms, Speed: inf M/s, Resolution: None
Name: 黑莓电影, URL: http://[2409:8087:1a01:df::7005]/ottrrs.hl.chinamobile.com/PLTV/2/224/3221225662/2.m3u8$订阅源, Date: None, Delay: -inf ms, Speed: inf M/s, Resolution: None
Name: 黑莓电影, URL: http://[2409:8087:1a0b:df::4014]:80/ottrrs.hl.chinamobile.com/PLTV/88888888/224/3221225743/index.m3u8$订阅源, Date: None, Delay: -inf ms, Speed: inf M/s, Resolution: None
Name: 黑莓电影, URL: http://[2409:8087:1a01:df::7005]:80/ottrrs.hl.chinamobile.com/PLTV/88888888/224/3221225743/index.m3u8$订阅源, Date: None, Delay: -inf ms, Speed: inf M/s, Resolution: None
Name: 黑莓电影, URL: http://[2409:8087:1a01:df::4001]:80/TVOD/88888888/224/3221225681/main.m3u8$订阅源, Date: None, Delay: -inf ms, Speed: inf M/s, Resolution: None
Name: 黑莓电影, URL: http://[2409:8087:74d9:21::6]:80/270000001128/9900000095/index.m3u8$订阅源, Date: None, Delay: -inf ms, Speed: inf M/s, Resolution: None
Name: 黑莓电影, URL: http://[2409:8087:1a0b:df::4014]:80/ottrrs.hl.chinamobile.com/TVOD/88888888/224/3221225743/index.m3u8$订阅源, Date: None, Delay: -inf ms, Speed: inf M/s, Resolution: None
Name: 黑莓电影, URL: http://[2409:8087:1a01:df::7005]/ottrrs.hl.chinamobile.com/PLTV/88888888/224/3221225743/index.m3u8$订阅源, Date: None, Delay: -inf ms, Speed: inf M/s, Resolution: None
Name: 黑莓电影, URL: http://[2409:8087:74d9:21::6]:80/270000001128/9900000095/index.m3u8?channel-id=newtv&livemode=4&Contentid=9900000018$订阅源, Date: None, Delay: -inf ms, Speed: inf M/s, Resolution: None
Name: 黑莓电影, URL: http://[2409:8087:5e00:24::1e]:6060/000000001000/8785669936177902664/index.m3u8?channel-id=ystenlive&Contentid=8785669936177902664&livemode=1&stbId=3$订阅源, Date: None, Delay: -inf ms, Speed: inf M/s, Resolution: None
Name: 黑莓电影, URL: http://[2409:8087:5e00:24::1e]:6060/200000001898/460000089800010073/1.m3u8$订阅源, Date: None, Delay: -inf ms, Speed: inf M/s, Resolution: None
Name: 黑莓电影, URL: http://[2409:8087:2001:20:2800:0:df6e:eb08]/ott.mobaibox.com/PLTV/3/224/3221227520/index.m3u8$订阅源, Date: None, Delay: -inf ms, Speed: inf M/s, Resolution: None
Name: 黑莓电影, URL: http://[2409:8087:74f0:22::4]:6410/270000001128/9900000095/index.m3u8?channel-id=newtv&livemode=4&Contentid=9900000018$订阅源, Date: None, Delay: -inf ms, Speed: inf M/s, Resolution: None
Name: 黑莓电影, URL: http://[2409:8087:5e00:24::1e]:6060/000000001000/8785669936177902664/1.m3u8$订阅源, Date: None, Delay: -inf ms, Speed: inf M/s, Resolution: None
Name: 黑莓电影, URL: http://[2409:8087:5e08:24::2]:6610/000000001000/1000000004000019624/index.m3u8?channel-id=ystenlive&Contentid=1000000004000019624&livemode=1&stbId=3$订阅源, Date: None, Delay: -inf ms, Speed: inf M/s, Resolution: None
Name: 黑莓电影, URL: http://[2409:8087:5e08:24::11]:6610/000000001000/1000000004000019624/index.m3u8?channel-id=ystenlive&Contentid=1000000004000019624&livemode=1&stbId=3$订阅源, Date: None, Delay: -inf ms, Speed: inf M/s, Resolution: None
Name: 黑莓电影, URL: http://[2409:8087:74d6:22::7]:6410/270000001128/9900000095/index.m3u8?channel-id=newtv&livemode=4&Contentid=9900000095$订阅源, Date: None, Delay: -inf ms, Speed: inf M/s, Resolution: None
Name: 黑莓电影, URL: http://[2409:8087:74d6:22::7]:6410/270000001128/9900000095/index.m3u8?$订阅源, Date: None, Delay: -inf ms, Speed: inf M/s, Resolution: None
Name: 黑莓电影, URL: http://[2409:8087:74d1:22::4]:6410/270000001128/9900000095/index.m3u8?channel-id=newtv&Ace$订阅源, Date: None, Delay: -inf ms, Speed: inf M/s, Resolution: None
Name: 黑莓动画, URL: http://[2409:8087:74d9:21::6]/270000001128/9900000096/index.m3u8$订阅源, Date: None, Delay: -inf ms, Speed: inf M/s, Resolution: None
Name: 黑莓动画, URL: http://[2409:8087:1a01:df::7005]/ottrrs.hl.chinamobile.com/PLTV/88888888/224/3221225662/index.m3u8$订阅源, Date: None, Delay: -inf ms, Speed: inf M/s, Resolution: None
Name: 黑莓动画, URL: http://[2409:8087:5e00:24::10]:6060/200000001898/460000089800010002/main.m3u8$订阅源, Date: None, Delay: -inf ms, Speed: inf M/s, Resolution: None
Name: 黑莓动画, URL: http://[2409:8087:1a01:df::7005]:80/ottrrs.hl.chinamobile.com/PLTV/88888888/224/3221225662/index.m3u8$订阅源, Date: None, Delay: -inf ms, Speed: inf M/s, Resolution: None
Name: 黑莓动画, URL: http://[2409:8087:1a01:df::7005]/ottrrs.hl.chinamobile.com/PLTV/2/224/3221225662/2.m3u8$订阅源, Date: None, Delay: -inf ms, Speed: inf M/s, Resolution: None
Name: 黑莓动画, URL: http://[2409:8087:74d9:21::6]:80/270000001128/9900000096/index.m3u8$订阅源, Date: None, Delay: -inf ms, Speed: inf M/s, Resolution: None
Name: 黑莓动画, URL: http://[2409:8087:5e00:24::1e]:6060/200000001898/460000089800010002/index.m3u8$订阅源, Date: None, Delay: -inf ms, Speed: inf M/s, Resolution: None
Name: 黑莓动画, URL: http://[2409:8087:5e00:24::1e]:6060/000000001000/6497762188035533951/1.m3u8$订阅源, Date: None, Delay: -inf ms, Speed: inf M/s, Resolution: None
Name: 黑莓动画, URL: http://[2409:8087:5e00:24::1e]:6060/000000001000/1000000004000021734/1.m3u8$订阅源, Date: None, Delay: -inf ms, Speed: inf M/s, Resolution: None
Name: 黑莓动画, URL: http://[2409:8087:1a0b:df::4006]:80/ottrrs.hl.chinamobile.com/PLTV/88888888/224/3221225662/index.m3u8$订阅源, Date: None, Delay: -inf ms, Speed: inf M/s, Resolution: None
Name: 黑莓动画, URL: http://[2409:8087:5e00:24::1e]:6060/200000001898/460000089800010002/1.m3u8$订阅源, Date: None, Delay: -inf ms, Speed: inf M/s, Resolution: None
Name: 黑莓动画, URL: http://[2409:8087:1a0b:df::4006]:80/ottrrs.hl.chinamobile.com/TVOD/88888888/224/3221225662/index.m3u8$订阅源, Date: None, Delay: -inf ms, Speed: inf M/s, Resolution: None
Name: 黑莓动画, URL: http://[2409:8087:1a01:df::4007]:80/TVOD/88888888/224/3221225529/main.m3u8$订阅源, Date: None, Delay: -inf ms, Speed: inf M/s, Resolution: None
Name: 黑莓动画, URL: http://[2409:8087:5e08:24::11]:6610/000000001000/1000000004000021734/index.m3u8?channel-id=ystenlive&Contentid=1000000004000021734&livemode=1&stbId=3$订阅源, Date: None, Delay: -inf ms, Speed: inf M/s, Resolution: None
Name: 黑莓动画, URL: http://[2409:8087:74d6:22::7]:6410/270000001128/9900000096/index.m3u8?channel-id=newtv&livemode=4&Contentid=9900000096$订阅源, Date: None, Delay: -inf ms, Speed: inf M/s, Resolution: None
Name: 黑莓动画, URL: http://[2409:8087:5e08:24::2]:6610/000000001000/1000000004000021734/index.m3u8?channel-id=ystenlive&Contentid=1000000004000021734&livemode=1&stbId=3$订阅源, Date: None, Delay: -inf ms, Speed: inf M/s, Resolution: None
Name: 黑莓动画, URL: http://[2409:8087:74d6:22::7]:6410/270000001128/9900000096/index.m3u8?$订阅源, Date: None, Delay: -inf ms, Speed: inf M/s, Resolution: None
Name: 哒啵电竞, URL: http://[2409:8087:5e01:24::16]:6610/000000001000/2000000003000000066/index.m3u8?stbId=3&livemode=1&HlsProfileId=&channel-id=hnbblive&Contentid=2000000003000000066&IASHttpSessionId=OTT19019320240419154124000281$订阅源, Date: None, Delay: -inf ms, Speed: inf M/s, Resolution: None
Name: 哒啵电竞, URL: http://[2409:8087:5e08:24::11]:6610/000000001000/2000000003000000066/index.m3u8?stbId=3&livemode=1&HlsProfileId=&channel-id=hnbblive&Contentid=2000000003000000066&IASHttpSessionId=OTT19019320240419154124000281$订阅源, Date: None, Delay: -inf ms, Speed: inf M/s, Resolution: None
Name: 哒啵电竞, URL: http://[2409:8087:5e01:24::16]:6610/000000001000/2000000003000000066/index.m3u8?stbId=3&livemode=1&HlsProfileId=&channel-id=hnbblive&Contentid=2000000003000000066&IAS$订阅源, Date: None, Delay: -inf ms, Speed: inf M/s, Resolution: None
Name: 哒啵电竞, URL: http://[2409:8087:5e08:24::17]:6610/000000001000/2000000003000000066/index.m3u8?stbId=3&livemode=1&HlsProfileId=&channel-id=hnbblive&Contentid=2000000003000000066&IASHttpSessionId=OTT19019320240419154124000281$订阅源, Date: None, Delay: -inf ms, Speed: inf M/s, Resolution: None
Name: 哒啵电竞, URL: http://[2409:8087:5e01:24::8]:6610/000000001000/2000000003000000066/index.m3u8?stbId=3&livemode=1&HlsProfileId=&channel-id=hnbblive&Contentid=2000000003000000066&IASHttpSessionId=OTT19019320240419154124000281$订阅源, Date: None, Delay: -inf ms, Speed: inf M/s, Resolution: None
Name: 哒啵赛事, URL: http://[2409:8087:74d9:21::6]:80/270000001128/9900000097/index.m3u8$订阅源, Date: None, Delay: -inf ms, Speed: inf M/s, Resolution: None
Name: 哒啵赛事, URL: http://[2409:8087:1a01:df::7005]:80/ottrrs.hl.chinamobile.com/PLTV/88888888/224/3221225675/index.m3u8$订阅源, Date: None, Delay: -inf ms, Speed: inf M/s, Resolution: None
Name: 哒啵赛事, URL: http://[2409:8087:5e00:24::1e]:6060/200000001898/460000089800010120/1.m3u8$订阅源, Date: None, Delay: -inf ms, Speed: inf M/s, Resolution: None
Name: 哒啵赛事, URL: http://[2409:8087:5e08:24::17]:6610/000000001000/1000000001000006906/index.m3u8?channel-id=ystenlive&Contentid=1000000001000006906&livemode=1&stbId=3$订阅源, Date: None, Delay: -inf ms, Speed: inf M/s, Resolution: None
Name: 爱谍战, URL: http://[2409:8087:5e08:24::17]:6610/000000001000/2000000004000000038/index.m3u8?stbId=3&livemode=1&HlsProfileId=&channel-id=hnbblive&Contentid=2000000004000000038&IASHttpSessionId=OTT19019320240419154124000281&yang-1989$订阅源, Date: None, Delay: -inf ms, Speed: inf M/s, Resolution: None
Name: 爱谍战, URL: http://[2409:8087:5e08:24::17]:6610/000000001000/2000000004000000038/index.m3u8?stbId=3&livemode=1&HlsProfileId=&channel-id=hnbblive&Contentid=2000000004000000038&IASHttpSessionId=OTT19019320240419154124000281$订阅源, Date: None, Delay: -inf ms, Speed: inf M/s, Resolution: None
Name: 爱谍战, URL: http://[2409:8087:5e08:24::11]:6610/000000001000/2000000004000000038/index.m3u8?stbId=3&livemode=1&HlsProfileId=&channel-id=hnbblive&Contentid=2000000004000000038&IASHttpSessionId=OTT19019320240419154124000281$订阅源, Date: None, Delay: -inf ms, Speed: inf M/s, Resolution: None
Name: 爱谍战, URL: http://[2409:8087:5e08:24::12]:6610/000000001000/2000000004000000000/index.m3u8?stbId=3&livemode=1&HlsProfileId=&channel-id=hnbblive&Contentid=2000000004000000038$订阅源, Date: None, Delay: -inf ms, Speed: inf M/s, Resolution: None
Name: 爱动漫, URL: http://[2409:8087:5e08:24::17]:6610/000000001000/2000000004000000059/index.m3u8?stbId=3&livemode=1&HlsProfileId=&channel-id=hnbblive&Contentid=2000000004000000059&IASHttpSessionId=OTT19019320240419154124000281&yang-1989$订阅源, Date: None, Delay: -inf ms, Speed: inf M/s, Resolution: None
Name: 爱动漫, URL: http://[2409:8087:5e08:24::11]:6610/000000001000/2000000004000000059/index.m3u8?stbId=3&livemode=1&HlsProfileId=&channel-id=hnbblive&Contentid=2000000004000000059&IASHttpSessionId=OTT19019320240419154124000281$订阅源, Date: None, Delay: -inf ms, Speed: inf M/s, Resolution: None
Name: 爱动漫, URL: http://[2409:8087:5e08:24::17]:6610/000000001000/2000000004000000059/index.m3u8?stbId=3&livemode=1&HlsProfileId=&channel-id=hnbblive&Contentid=2000000004000000059&IASHttpSessionId=OTT19019320240419154124000281$订阅源, Date: None, Delay: -inf ms, Speed: inf M/s, Resolution: None
Name: 爱动漫, URL: http://[2409:8087:5e08:24::12]:6610/000000001000/2000000004000000000/index.m3u8?stbId=3&livemode=1&HlsProfileId=&channel-id=hnbblive&Contentid=2000000004000000059$订阅源, Date: None, Delay: -inf ms, Speed: inf M/s, Resolution: None
Name: 爱科幻, URL: http://[2409:8087:5e08:24::17]:6610/000000001000/2000000004000000033/index.m3u8?stbId=3&livemode=1&HlsProfileId=&channel-id=hnbblive&Contentid=2000000004000000033&IASHttpSessionId=OTT19019320240419154124000281$订阅源, Date: None, Delay: -inf ms, Speed: inf M/s, Resolution: None
Name: 爱科幻, URL: http://[2409:8087:5e08:24::11]:6610/000000001000/2000000004000000033/index.m3u8?stbId=3&livemode=1&HlsProfileId=&channel-id=hnbblive&Contentid=2000000004000000033&IASHttpSessionId=OTT19019320240419154124000281$订阅源, Date: None, Delay: -inf ms, Speed: inf M/s, Resolution: None
Name: 爱科学, URL: http://[2409:8087:5e08:24::17]:6610/000000001000/2000000004000000047/index.m3u8?stbId=3&livemode=1&HlsProfileId=&channel-id=hnbblive&Contentid=2000000004000000047&IASHttpSessionId=OTT19019320240419154124000281$订阅源, Date: None, Delay: -inf ms, Speed: inf M/s, Resolution: None
Name: 爱科学, URL: http://[2409:8087:5e08:24::12]:6610/000000001000/2000000004000000000/index.m3u8?stbId=3&livemode=1&HlsProfileId=&channel-id=hnbblive&Contentid=2000000004000000047$订阅源, Date: None, Delay: -inf ms, Speed: inf M/s, Resolution: None
Name: 爱科学, URL: http://[2409:8087:5e08:24::11]:6610/000000001000/2000000004000000047/index.m3u8?stbId=3&livemode=1&HlsProfileId=&channel-id=hnbblive&Contentid=2000000004000000047&IASHttpSessionId=OTT19019320240419154124000281$订阅源, Date: None, Delay: -inf ms, Speed: inf M/s, Resolution: None
Name: 爱科学, URL: http://[2409:8087:5e08:24::17]:6610/000000001000/2000000004000000047/index.m3u8?stbId=3&livemode=1&HlsProfileId=&channel-id=hnbblive&Contentid=2000000004000000047&IASHttpSessionId=OTT19019320240419154124000281&yang-1989$订阅源, Date: None, Delay: -inf ms, Speed: inf M/s, Resolution: None
Name: 爱浪漫, URL: http://[2409:8087:5e08:24::11]:6610/000000001000/2000000004000000035/index.m3u8?stbId=3&livemode=1&HlsProfileId=&channel-id=hnbblive&Contentid=2000000004000000035&IASHttpSessionId=OTT19019320240419154124000281$订阅源, Date: None, Delay: -inf ms, Speed: inf M/s, Resolution: None
Name: 爱浪漫, URL: http://[2409:8087:5e08:24::17]:6610/000000001000/2000000004000000035/index.m3u8?stbId=3&livemode=1&HlsProfileId=&channel-id=hnbblive&Contentid=2000000004000000035&IASHttpSessionId=OTT19019320240419154124000281$订阅源, Date: None, Delay: -inf ms, Speed: inf M/s, Resolution: None
Name: 爱浪漫, URL: http://[2409:8087:5e08:24::17]:6610/000000001000/2000000004000000035/index.m3u8?stbId=3&livemode=1&HlsProfileId=&channel-id=hnbblive&Contentid=2000000004000000035&IASHttpSessionId=OTT19019320240419154124000281&yang-1989$订阅源, Date: None, Delay: -inf ms, Speed: inf M/s, Resolution: None
Name: 爱浪漫, URL: http://[2409:8087:5e08:24::12]:6610/000000001000/2000000004000000000/index.m3u8?stbId=3&livemode=1&HlsProfileId=&channel-id=hnbblive&Contentid=2000000004000000035$订阅源, Date: None, Delay: -inf ms, Speed: inf M/s, Resolution: None
Name: 爱历史, URL: http://[2409:8087:5e08:24::11]:6610/000000001000/2000000004000000046/index.m3u8?stbId=3&livemode=1&HlsProfileId=&channel-id=hnbblive&Contentid=2000000004000000046&IASHttpSessionId=OTT19019320240419154124000281$订阅源, Date: None, Delay: -inf ms, Speed: inf M/s, Resolution: None
Name: 爱历史, URL: http://[2409:8087:5e08:24::12]:6610/000000001000/2000000004000000000/index.m3u8?stbId=3&livemode=1&HlsProfileId=&channel-id=hnbblive&Contentid=2000000004000000046$订阅源, Date: None, Delay: -inf ms, Speed: inf M/s, Resolution: None
Name: 爱历史, URL: http://[2409:8087:5e08:24::17]:6610/000000001000/2000000004000000046/index.m3u8?stbId=3&livemode=1&HlsProfileId=&channel-id=hnbblive&Contentid=2000000004000000046&IASHttpSessionId=OTT19019320240419154124000281$订阅源, Date: None, Delay: -inf ms, Speed: inf M/s, Resolution: None
Name: 爱旅行, URL: http://[2409:8087:5e08:24::12]:6610/000000001000/2000000004000000000/index.m3u8?stbId=3&livemode=1&HlsProfileId=&channel-id=hnbblive&Contentid=2000000004000000056$订阅源, Date: None, Delay: -inf ms, Speed: inf M/s, Resolution: None
Name: 爱旅行, URL: http://[2409:8087:5e08:24::11]:6610/000000001000/2000000004000000056/index.m3u8?stbId=3&livemode=1&HlsProfileId=&channel-id=hnbblive&Contentid=2000000004000000056&IASHttpSessionId=OTT19019320240419154124000281$订阅源, Date: None, Delay: -inf ms, Speed: inf M/s, Resolution: None
Name: 爱奇谈, URL: http://[2409:8087:5e08:24::17]:6610/000000001000/2000000004000000058/index.m3u8?stbId=3&livemode=1&HlsProfileId=&channel-id=hnbblive&Contentid=2000000004000000058&IASHttpSessionId=OTT19019320240419154124000281$订阅源, Date: None, Delay: -inf ms, Speed: inf M/s, Resolution: None
Name: 爱奇谈, URL: http://[2409:8087:5e08:24::12]:6610/000000001000/2000000004000000000/index.m3u8?stbId=3&livemode=1&HlsProfileId=&channel-id=hnbblive&Contentid=2000000004000000058$订阅源, Date: None, Delay: -inf ms, Speed: inf M/s, Resolution: None
Name: 爱奇谈, URL: http://[2409:8087:5e08:24::11]:6610/000000001000/2000000004000000058/index.m3u8?stbId=3&livemode=1&HlsProfileId=&channel-id=hnbblive&Contentid=2000000004000000058&IASHttpSessionId=OTT19019320240419154124000281$订阅源, Date: None, Delay: -inf ms, Speed: inf M/s, Resolution: None
Name: 爱赛车, URL: http://[2409:8087:5e08:24::11]:6610/000000001000/2000000004000000055/index.m3u8?stbId=3&livemode=1&HlsProfileId=&channel-id=hnbblive&Contentid=2000000004000000055&IASHttpSessionId=OTT19019320240419154124000281$订阅源, Date: None, Delay: -inf ms, Speed: inf M/s, Resolution: None
Name: 爱赛车, URL: http://[2409:8087:5e08:24::17]:6610/000000001000/2000000004000000055/index.m3u8?stbId=3&livemode=1&HlsProfileId=&channel-id=hnbblive&Contentid=2000000004000000055&IASHttpSessionId=OTT19019320240419154124000281$订阅源, Date: None, Delay: -inf ms, Speed: inf M/s, Resolution: None
Name: 爱赛车, URL: http://[2409:8087:5e08:24::12]:6610/000000001000/2000000004000000000/index.m3u8?stbId=3&livemode=1&HlsProfileId=&channel-id=hnbblive&Contentid=2000000004000000055$订阅源, Date: None, Delay: -inf ms, Speed: inf M/s, Resolution: None
Name: 爱体育, URL: http://[2409:8087:5e08:24::12]:6610/000000001000/2000000004000000000/index.m3u8?stbId=3&livemode=1&HlsProfileId=&channel-id=hnbblive&Contentid=2000000004000000060$订阅源, Date: None, Delay: -inf ms, Speed: inf M/s, Resolution: None
Name: 爱体育, URL: http://[2409:8087:5e08:24::11]:6610/000000001000/2000000004000000060/index.m3u8?stbId=3&livemode=1&HlsProfileId=&channel-id=hnbblive&Contentid=2000000004000000060&IASHttpSessionId=OTT19019320240419154124000281$订阅源, Date: None, Delay: -inf ms, Speed: inf M/s, Resolution: None
Name: 爱体育, URL: http://[2409:8087:5e08:24::17]:6610/000000001000/2000000004000000060/index.m3u8?stbId=3&livemode=1&HlsProfileId=&channel-id=hnbblive&Contentid=2000000004000000060&IASHttpSessionId=OTT19019320240419154124000281$订阅源, Date: None, Delay: -inf ms, Speed: inf M/s, Resolution: None
Name: 爱玩具, URL: http://[2409:8087:5e08:24::11]:6610/000000001000/2000000004000000053/index.m3u8?stbId=3&livemode=1&HlsProfileId=&channel-id=hnbblive&Contentid=2000000004000000053&IASHttpSessionId=OTT19019320240419154124000281$订阅源, Date: None, Delay: -inf ms, Speed: inf M/s, Resolution: None
Name: 爱玩具, URL: http://[2409:8087:5e08:24::17]:6610/000000001000/2000000004000000053/index.m3u8?stbId=3&livemode=1&HlsProfileId=&channel-id=hnbblive&Contentid=2000000004000000053&IASHttpSessionId=OTT19019320240419154124000281$订阅源, Date: None, Delay: -inf ms, Speed: inf M/s, Resolution: None
Name: 爱喜剧, URL: http://[2409:8087:5e08:24::12]:6610/000000001000/2000000004000000000/index.m3u8?stbId=3&livemode=1&HlsProfileId=&channel-id=hnbblive&Contentid=2000000004000000032$订阅源, Date: None, Delay: -inf ms, Speed: inf M/s, Resolution: None
Name: 爱喜剧, URL: http://[2409:8087:5e08:24::17]:6610/000000001000/2000000004000000032/index.m3u8?stbId=3&livemode=1&HlsProfileId=&channel-id=hnbblive&Contentid=2000000004000000032&IASHttpSessionId=OTT19019320240419154124000281$订阅源, Date: None, Delay: -inf ms, Speed: inf M/s, Resolution: None
Name: 爱喜剧, URL: http://[2409:8087:5e08:24::11]:6610/000000001000/2000000004000000032/index.m3u8?stbId=3&livemode=1&HlsProfileId=&channel-id=hnbblive&Contentid=2000000004000000032&IASHttpSessionId=OTT19019320240419154124000281$订阅源, Date: None, Delay: -inf ms, Speed: inf M/s, Resolution: None
Name: 爱悬疑, URL: http://[2409:8087:5e08:24::17]:6610/000000001000/2000000004000000036/index.m3u8?stbId=3&livemode=1&HlsProfileId=&channel-id=hnbblive&Contentid=2000000004000000036&IASHttpSessionId=OTT19019320240419154124000281$订阅源, Date: None, Delay: -inf ms, Speed: inf M/s, Resolution: None
Name: 爱悬疑, URL: http://[2409:8087:5e08:24::12]:6610/000000001000/2000000004000000000/index.m3u8?stbId=3&livemode=1&HlsProfileId=&channel-id=hnbblive&Contentid=2000000004000000036$订阅源, Date: None, Delay: -inf ms, Speed: inf M/s, Resolution: None
Name: 爱悬疑, URL: http://[2409:8087:5e08:24::17]:6610/000000001000/2000000004000000036/index.m3u8?stbId=3&livemode=1&HlsProfileId=&channel-id=hnbblive&Contentid=2000000004000000036&IASHttpSessionId=OTT19019320240419154124000281&yang-1989$订阅源, Date: None, Delay: -inf ms, Speed: inf M/s, Resolution: None
Name: 爱悬疑, URL: http://[2409:8087:5e08:24::11]:6610/000000001000/2000000004000000036/index.m3u8?stbId=3&livemode=1&HlsProfileId=&channel-id=hnbblive&Contentid=2000000004000000036&IASHttpSessionId=OTT19019320240419154124000281$订阅源, Date: None, Delay: -inf ms, Speed: inf M/s, Resolution: None
Name: 爱幼教, URL: http://[2409:8087:5e08:24::11]:6610/000000001000/2000000004000000049/index.m3u8?stbId=3&livemode=1&HlsProfileId=&channel-id=hnbblive&Contentid=2000000004000000049&IASHttpSessionId=OTT19019320240419154124000281$订阅源, Date: None, Delay: -inf ms, Speed: inf M/s, Resolution: None
Name: 爱院线, URL: http://[2409:8087:5e08:24::12]:6610/000000001000/2000000004000000000/index.m3u8?stbId=3&livemode=1&HlsProfileId=&channel-id=hnbblive&Contentid=2000000004000000034$订阅源, Date: None, Delay: -inf ms, Speed: inf M/s, Resolution: None
Name: 爱院线, URL: http://[2409:8087:5e08:24::17]:6610/000000001000/2000000004000000034/index.m3u8?stbId=3&livemode=1&HlsProfileId=&channel-id=hnbblive&Contentid=2000000004000000034&IASHttpSessionId=OTT19019320240419154124000281$订阅源, Date: None, Delay: -inf ms, Speed: inf M/s, Resolution: None
Name: 爱院线, URL: http://[2409:8087:5e08:24::11]:6610/000000001000/2000000004000000034/index.m3u8?stbId=3&livemode=1&HlsProfileId=&channel-id=hnbblive&Contentid=2000000004000000034&IASHttpSessionId=OTT19019320240419154124000281$订阅源, Date: None, Delay: -inf ms, Speed: inf M/s, Resolution: None
Name: 动漫秀场, URL: http://[2409:8087:74d9:21::6]:80/000000001000PLTV/88888888/224/3221226197/index.m3u8•IPV6『线路2』$订阅源, Date: None, Delay: -inf ms, Speed: inf M/s, Resolution: None
Name: 动漫秀场, URL: http://[2409:8087:5e00:24::1e]:6060/000000001000/5000000011000031113/1.m3u8$订阅源, Date: None, Delay: -inf ms, Speed: inf M/s, Resolution: None
Name: 动漫秀场, URL: http://[2409:8087:74d9:21::6]:80/000000001000PLTV/88888888/224/3221226197/index.m3u8$订阅源, Date: None, Delay: -inf ms, Speed: inf M/s, Resolution: None
Name: 动漫秀场, URL: http://[2409:8087:3c02:21:0:1:0:100a]:6410/shandong_cabletv.live.zte.com////CHANNEL00002000/index.m3u8?IASHttpSessionId=$订阅源, Date: None, Delay: -inf ms, Speed: inf M/s, Resolution: None
Name: 动漫秀场, URL: http://[2409:8087:5e08:24::11]:6610/000000001000/2000000002000000009/index.m3u8?stbId=3&livemode=1&HlsProfileId=&channel-id=hnbblive&Contentid=2000000002000000009&IASHttpSessionId=OTT19019320240419154124000281&yang-1989$订阅源, Date: None, Delay: -inf ms, Speed: inf M/s, Resolution: None
Name: 动漫秀场, URL: http://[2409:8087:74d9:21::6]/000000001000PLTV/88888888/224/3221226197/index.m3u8$订阅源, Date: None, Delay: -inf ms, Speed: inf M/s, Resolution: None
Name: 动漫秀场, URL: http://[2409:8087:3c02:0021:0000:0001:0000:100a]:6410/shandong_cabletv.live.zte.com////CHANNEL00002000/index.m3u8?IASHttpSessionId=$订阅源, Date: None, Delay: -inf ms, Speed: inf M/s, Resolution: None
Name: 动漫秀场, URL: http://[2409:8087:1e03:21::42]:6610/cms001/ch00000090990000001196/index.m3u8?$订阅源, Date: None, Delay: -inf ms, Speed: inf M/s, Resolution: None
Name: 动漫秀场, URL: http://[2409:8087:5e08:24::17]:6610/000000001000/2000000002000000009/index.m3u8?stbId=3&livemode=1&HlsProfileId=&channel-id=hnbblive&Contentid=2000000002000000009&IASHttpSessionId=OTT19019320240419154124000281$订阅源, Date: None, Delay: -inf ms, Speed: inf M/s, Resolution: None
Name: 动漫秀场, URL: http://221.226.4.10:9901/tsfile/live/1027_1.m3u8?key=txiptv&playlive=1&authid=0$订阅源, Date: None, Delay: 374 ms, Speed: 0.73 M/s, Resolution: None
Name: 都市剧场, URL: http://[2409:8087:5e00:24::1e]:6060/000000001000/5000000011000031111/1.m3u8$订阅源, Date: None, Delay: -inf ms, Speed: inf M/s, Resolution: None
Name: 都市剧场, URL: http://[2409:8087:74d9:21::6]:80/000000001000PLTV/88888888/224/3221226176/index.m3u8$订阅源, Date: None, Delay: -inf ms, Speed: inf M/s, Resolution: None
Name: 都市剧场, URL: http://[2409:8087:5e08:24::2]:6610/000000001000/5000000011000031111/index.m3u8?channel-id=bestzb&Contentid=5000000011000031111&livemode=1&stbId=3$订阅源, Date: None, Delay: -inf ms, Speed: inf M/s, Resolution: None
Name: 都市剧场, URL: http://[2409:8087:5e08:24::17]:6610/000000001000/2000000002000000015/index.m3u8?stbId=3&livemode=1&HlsProfileId=&channel-id=hnbblive&Contentid=2000000002000000015&IASHttpSessionId=OTT19019320240419154124000281$订阅源, Date: None, Delay: -inf ms, Speed: inf M/s, Resolution: None
Name: 都市剧场, URL: http://61.173.144.157:9901/tsfile/live/1004_1.m3u8?key=txiptv&playlive=1&authid=0$订阅源, Date: None, Delay: 603 ms, Speed: 0.01 M/s, Resolution: None
Name: 法治天地, URL: http://[2409:8087:5e08:24::12]:6610/000000001000/2000000002000000014/index.m3u8?stbId=3&livemode=1&HlsProfileId=&channel-id=hnbblive&Contentid=2000000002000000014&IAShttpSessionId=OTT19019320240419154124000281$订阅源, Date: None, Delay: -inf ms, Speed: inf M/s, Resolution: None
Name: 法治天地, URL: http://[2409:8087:5e01:24::16]:6610/000000001000/2000000002000000014/index.m3u8?stbId=3&livemode=1&HlsProfileId=&channel-id=hnbblive&Contentid=2000000002000000014&IASHttpSessionId=OTT19019320240419154124000281$订阅源, Date: None, Delay: -inf ms, Speed: inf M/s, Resolution: None
Name: 法治天地, URL: http://[2409:8087:5e08:24::11]:6610/000000001000/2000000002000000014/1.m3u8?channel-id=hnbblive&Contentid=2000000002000000014&livemode=1&stbId=3$订阅源, Date: None, Delay: -inf ms, Speed: inf M/s, Resolution: None
Name: 法治天地, URL: http://[2409:8087:5e08:24::11]:6610/000000001000/2000000002000000014/index.m3u8?stbId=3&livemode=1&HlsProfileId=&channel-id=hnbblive&Contentid=2000000002000000014&IASHttpSessionId=OTT19019320240419154124000281$订阅源, Date: None, Delay: -inf ms, Speed: inf M/s, Resolution: None
Name: 法治天地, URL: http://[2409:8087:1e03:21::42]:6610/cms001/ch00000090990000001195/index.m3u8?$订阅源, Date: None, Delay: -inf ms, Speed: inf M/s, Resolution: None
Name: 法治天地, URL: http://[2409:8087:5e08:24::17]:6610/000000001000/2000000002000000014/index.m3u8?stbId=3&livemode=1&HlsProfileId=&channel-id=hnbblive&Contentid=2000000002000000014&IASHttpSessionId=OTT19019320240419154124000281$订阅源, Date: None, Delay: -inf ms, Speed: inf M/s, Resolution: None
Name: 法治天地, URL: http://[2409:8087:5e01:24::8]:6610/000000001000/2000000002000000014/index.m3u8?stbId=3&livemode=1&HlsProfileId=&channel-id=hnbblive&Contentid=2000000002000000014&IASHttpSessionId=OTT19019320240419154124000281$订阅源, Date: None, Delay: -inf ms, Speed: inf M/s, Resolution: None
Name: 欢笑剧场, URL: http://[2409:8087:5e00:24::1e]:6060/000000001000/5000000002000009455/1.m3u8$订阅源, Date: None, Delay: -inf ms, Speed: inf M/s, Resolution: None
Name: 欢笑剧场, URL: http://[2409:8087:74d9:21::6]:80/000000001000PLTV/88888888/224/3221226203/index.m3u8$订阅源, Date: None, Delay: -inf ms, Speed: inf M/s, Resolution: None
Name: 欢笑剧场, URL: http://[2409:8087:5e08:24::11]:6610/000000001000/5000000007000010001/index.m3u8?channel-id=bestzb&Contentid=5000000007000010001&livemode=1&stbId=YanG-1989$订阅源, Date: None, Delay: -inf ms, Speed: inf M/s, Resolution: None
Name: 欢笑剧场, URL: http://[2409:8087:5e08:24::17]:6610/000000001000/5000000007000010001/index.m3u8?channel-id=bestzb&Contentid=5000000007000010001&livemode=1&stbId=3$订阅源, Date: None, Delay: -inf ms, Speed: inf M/s, Resolution: None
Name: 欢笑剧场, URL: http://[2409:8087:5e08:24::17]:6610/000000001000/2000000002000000016/index.m3u8?stbId=3&livemode=1&HlsProfileId=&channel-id=hnbblive&Contentid=2000000002000000016&IASHttpSessionId=OTT19019320240419154124000281$订阅源, Date: None, Delay: -inf ms, Speed: inf M/s, Resolution: None
Name: 欢笑剧场, URL: http://[2409:8087:5e08:24::17]:6610/000000001000/5000000007000010001/index.m3u8?channel-id=bestzb&Contentid=5000000007000010001&livemode=1&stbId=YanG-1989$订阅源, Date: None, Delay: -inf ms, Speed: inf M/s, Resolution: None
Name: 金色学堂, URL: http://[2409:8087:5e00:24::1e]:6060/000000001000/5000000010000026105/1.m3u8$订阅源, Date: None, Delay: -inf ms, Speed: inf M/s, Resolution: None
Name: 金色学堂, URL: http://[2409:8087:5e08:24::17]:6610/000000001000/2000000002000000061/index.m3u8?stbId=3&livemode=1&HlsProfileId=&channel-id=hnbblive&Contentid=2000000002000000061&IASHttpSessionId=OTT19019320240419154124000281$订阅源, Date: None, Delay: -inf ms, Speed: inf M/s, Resolution: None
Name: 劲爆体育, URL: http://[2409:8087:5e01:24::16]:6610/000000001000/2000000002000000008/index.m3u8?stbId=3&livemode=1&HlsProfileId=&channel-id=hnbblive&Contentid=2000000002000000008&IAS$订阅源, Date: None, Delay: -inf ms, Speed: inf M/s, Resolution: None
Name: 劲爆体育, URL: http://[2409:8087:5e01:24::16]:6610/000000001000/2000000002000000008/index.m3u8?stbId=3&livemode=1&HlsProfileId=&channel-id=hnbblive&Contentid=2000000002000000008&IASHttpSessionId=OTT19019320240419154124000281$订阅源, Date: None, Delay: -inf ms, Speed: inf M/s, Resolution: None
Name: 劲爆体育, URL: http://[2409:8087:5e08:24::11]:6610/000000001000/2000000002000000008/index.m3u8?stbId=3&livemode=1&HlsProfileId=&channel-id=hnbblive&Contentid=2000000002000000008&IASHttpSessionId=OTT19019320240419154124000281$订阅源, Date: None, Delay: -inf ms, Speed: inf M/s, Resolution: None
Name: 劲爆体育, URL: http://[2409:8087:5e01:24::8]:6610/000000001000/2000000002000000008/index.m3u8?stbId=3&livemode=1&HlsProfileId=&channel-id=hnbblive&Contentid=2000000002000000008&IASHttpSessionId=OTT19019320240419154124000281$订阅源, Date: None, Delay: -inf ms, Speed: inf M/s, Resolution: None
Name: 劲爆体育, URL: http://[2409:8087:5e08:24::17]:6610/000000001000/2000000002000000008/index.m3u8?stbId=3&livemode=1&HlsProfileId=&channel-id=hnbblive&Contentid=2000000002000000008&IASHttpSessionId=OTT19019320240419154124000281$订阅源, Date: None, Delay: -inf ms, Speed: inf M/s, Resolution: None
Name: 乐游, URL: http://[2409:8087:5e00:24::1e]:6060/000000001000/5000000011000031112/1.m3u8$订阅源, Date: None, Delay: -inf ms, Speed: inf M/s, Resolution: None
Name: 乐游, URL: http://[2409:8087:5e08:24::17]:6610/000000001000/2000000002000000092/index.m3u8?stbId=3&livemode=1&HlsProfileId=&channel-id=hnbblive&Contentid=2000000002000000092&IASHttpSessionId=OTT19019320240419154124000281$订阅源, Date: None, Delay: -inf ms, Speed: inf M/s, Resolution: None
Name: 魅力足球, URL: http://[2409:8087:5e08:24::11]:6610/000000001000/2000000002000000068/index.m3u8?stbId=3&livemode=1&HlsProfileId=&channel-id=hnbblive&Contentid=2000000002000000068&IASHttpSessionId=OTT19019320240419154124000281&yang-1989$订阅源, Date: None, Delay: -inf ms, Speed: inf M/s, Resolution: None
Name: 魅力足球, URL: http://[2409:8087:5e08:24::2]:6610/000000001000/5000000011000031207/index.m3u8?channel-id=bestzb&Contentid=5000000011000031207&livemode=1&stbId=3$订阅源, Date: None, Delay: -inf ms, Speed: inf M/s, Resolution: None
Name: 魅力足球, URL: http://[2409:8087:5e08:24::17]:6610/000000001000/2000000002000000068/index.m3u8?stbId=3&livemode=1&HlsProfileId=&channel-id=hnbblive&Contentid=2000000002000000068&IASHttpSessionId=OTT19019320240419154124000281$订阅源, Date: None, Delay: -inf ms, Speed: inf M/s, Resolution: None
Name: 魅力足球, URL: http://[2409:8087:5e08:24::11]:6610/000000001000/5000000011000031207/index.m3u8?channel-id=bestzb&Contentid=5000000011000031207&livemode=1&stbId=3$订阅源, Date: None, Delay: -inf ms, Speed: inf M/s, Resolution: None
Name: 七彩戏剧, URL: http://[2409:8087:5e01:24::16]:6610/000000001000/2000000002000000010/index.m3u8?stbId=3&livemode=1&HlsProfileId=&channel-id=hnbblive&Contentid=2000000002000000010&IAS$订阅源, Date: None, Delay: -inf ms, Speed: inf M/s, Resolution: None
Name: 七彩戏剧, URL: http://[2409:8087:5e08:24::11]:6610/000000001000/2000000002000000010/index.m3u8?stbId=3&livemode=1&HlsProfileId=&channel-id=hnbblive&Contentid=2000000002000000010&IASHttpSessionId=OTT19019320240419154124000281&yang-1989$订阅源, Date: None, Delay: -inf ms, Speed: inf M/s, Resolution: None
Name: 七彩戏剧, URL: http://[2409:8087:5e01:24::16]:6610/000000001000/2000000002000000010/index.m3u8?stbId=3&livemode=1&HlsProfileId=&channel-id=hnbblive&Contentid=2000000002000000010&IASHttpSessionId=OTT19019320240419154124000281$订阅源, Date: None, Delay: -inf ms, Speed: inf M/s, Resolution: None
Name: 七彩戏剧, URL: http://[2409:8087:5e08:24::11]:6610/000000001000/2000000002000000010/index.m3u8?stbId=3&livemode=1&HlsProfileId=&channel-id=hnbblive&Contentid=2000000002000000010&IASHttpSessionId=OTT19019320240419154124000281$订阅源, Date: None, Delay: -inf ms, Speed: inf M/s, Resolution: None
Name: 七彩戏剧, URL: http://[2409:8087:5e08:24::17]:6610/000000001000/2000000002000000010/index.m3u8?stbId=3&livemode=1&HlsProfileId=&channel-id=hnbblive&Contentid=2000000002000000010&IASHttpSessionId=OTT19019320240419154124000281$订阅源, Date: None, Delay: -inf ms, Speed: inf M/s, Resolution: None
Name: 七彩戏剧, URL: http://[2409:8087:5e01:24::8]:6610/000000001000/2000000002000000010/index.m3u8?stbId=3&livemode=1&HlsProfileId=&channel-id=hnbblive&Contentid=2000000002000000010&IASHttpSessionId=OTT19019320240419154124000281$订阅源, Date: None, Delay: -inf ms, Speed: inf M/s, Resolution: None
Name: 生活时尚, URL: http://[2409:8087:5e08:24::11]:6610/000000001000/2000000002000000006/index.m3u8?stbId=3&livemode=1&HlsProfileId=&channel-id=hnbblive&Contentid=2000000002000000006&IASHttpSessionId=OTT19019320240419154124000281$订阅源, Date: None, Delay: -inf ms, Speed: inf M/s, Resolution: None
Name: 生活时尚, URL: http://[2409:8087:5e08:24::11]:6610/000000001000/2000000002000000006/index.m3u8?stbId=3&livemode=1&HlsProfileId=&channel-id=hnbblive&Contentid=2000000002000000006&IASHttpSessionId=OTT19019320240419154124000281&yang-1989$订阅源, Date: None, Delay: -inf ms, Speed: inf M/s, Resolution: None
Name: 生活时尚, URL: http://[2409:8087:74d9:21::6]/000000001000PLTV/88888888/224/3221226358/index.m3u8$订阅源, Date: None, Delay: -inf ms, Speed: inf M/s, Resolution: None
Name: 生活时尚, URL: http://[2409:8087:74d9:21::6]:80/000000001000PLTV/88888888/224/3221226358/index.m3u8$订阅源, Date: None, Delay: -inf ms, Speed: inf M/s, Resolution: None
Name: 生活时尚, URL: http://[2409:8087:5e08:24::17]:6610/000000001000/2000000002000000006/index.m3u8?stbId=3&livemode=1&HlsProfileId=&channel-id=hnbblive&Contentid=2000000002000000006&IASHttpSessionId=OTT19019320240419154124000281$订阅源, Date: None, Delay: -inf ms, Speed: inf M/s, Resolution: None
Name: 生活时尚, URL: http://221.0.78.198:1681/hls/10275/index.m3u8$订阅源, Date: None, Delay: 1502 ms, Speed: 0.08 M/s, Resolution: None
Name: 游戏风云, URL: http://[2409:8087:5e08:24::11]:6610/000000001000/2000000002000000011/index.m3u8?stbId=3&livemode=1&HlsProfileId=&channel-id=hnbblive&Contentid=2000000002000000011&IASHttpSessionId=OTT19019320240419154124000281&yang-1989$订阅源, Date: None, Delay: -inf ms, Speed: inf M/s, Resolution: None
Name: 游戏风云, URL: http://[2409:8087:5e00:24::1e]:6060/000000001000/5000000011000031114/1.m3u8$订阅源, Date: None, Delay: -inf ms, Speed: inf M/s, Resolution: None
Name: 游戏风云, URL: http://[2409:8087:5e08:24::17]:6610/000000001000/2000000002000000011/index.m3u8?stbId=3&livemode=1&HlsProfileId=&channel-id=hnbblive&Contentid=2000000002000000011&IASHttpSessionId=OTT19019320240419154124000281$订阅源, Date: None, Delay: -inf ms, Speed: inf M/s, Resolution: None
Name: 游戏风云, URL: http://hms184nc1972679574.live.aikan.miguvideo.com/wh7f454c46tw1595481830_-1185482178/wd_r2/ocn/youxifengyunhd/3000/01.m3u8?msisdn=guest&Channel_ID=0119_04102000-99000_400300000040002&client_ip=139.198.127.250&timestamp=20230816073745&ContentId=265667664&timezone=UTC&mtv_session=a0ecd5ce9d57ca6fe2f9a78dd80357fc&HlsSubType=1&HlsProfileId=1&nphaid=0&encrypt=238d629872f240eaaeb4749a58e17d18$订阅源, Date: None, Delay: 1503 ms, Speed: 0.69 M/s, Resolution: None
Name: 求索动物, URL: http://[2409:8087:5e08:24::11]:6610/000000001000/2000000004000000009/index.m3u8?stbId=3&livemode=1&HlsProfileId=&channel-id=hnbblive&Contentid=2000000004000000009&IASHttpSessionId=OTT19019320240419154124000281&yang-1989$订阅源, Date: None, Delay: -inf ms, Speed: inf M/s, Resolution: None
Name: 求索动物, URL: http://[2409:8087:5e01:24::16]:6610/000000001000/2000000004000000009/index.m3u8?stbId=3&livemode=1&HlsProfileId=&channel-id=hnbblive&Contentid=2000000004000000009&IASHttpSessionId=OTT19019320240419154124000281$订阅源, Date: None, Delay: -inf ms, Speed: inf M/s, Resolution: None
Name: 求索动物, URL: http://[2409:8087:5e08:24::12]:6610/000000001000/2000000004000000009/index.m3u8?stbId=3&livemode=1&HlsProfileId=&channel-id=hnbblive&Contentid=2000000004000000009&IAShttpSessionId=OTT19019320240419154124000281$订阅源, Date: None, Delay: -inf ms, Speed: inf M/s, Resolution: None
Name: 求索动物, URL: http://[2409:8087:5e08:24::12]:6610/000000001000/2000000004000000009/index.m3u8?stbId=3&livemode=1&HlsProfileId=&channel-id=hnbblive&Contentid=2000000004000000009&IASHttpSessionId=OTT19019320240419154124000281$订阅源, Date: None, Delay: -inf ms, Speed: inf M/s, Resolution: None
Name: 求索动物, URL: http://[2409:8087:5e01:24::16]:6610/000000001000/2000000004000000009/index.m3u8?stbId=3&livemode=1&HlsProfileId=&channel-id=hnbblive&Contentid=2000000004000000009&IAS$订阅源, Date: None, Delay: -inf ms, Speed: inf M/s, Resolution: None
Name: 求索动物, URL: http://[2409:8087:5e08:24::11]:6610/000000001000/2000000004000000009/index.m3u8?stbId=3&livemode=1&HlsProfileId=&channel-id=hnbblive&Contentid=2000000004000000009&IASHttpSessionId=OTT19019320240419154124000281$订阅源, Date: None, Delay: -inf ms, Speed: inf M/s, Resolution: None
Name: 求索动物, URL: http://[2409:8087:5e08:24::17]:6610/000000001000/2000000004000000009/index.m3u8?stbId=3&livemode=1&HlsProfileId=&channel-id=hnbblive&Contentid=2000000004000000009&IASHttpSessionId=OTT19019320240419154124000281&yang-1989$订阅源, Date: None, Delay: -inf ms, Speed: inf M/s, Resolution: None
Name: 求索动物, URL: http://[2409:8087:5e08:24::17]:6610/000000001000/2000000004000000009/index.m3u8?stbId=3&livemode=1&HlsProfileId=&channel-id=hnbblive&Contentid=2000000004000000009&IASHttpSessionId=OTT19019320240419154124000281$订阅源, Date: None, Delay: -inf ms, Speed: inf M/s, Resolution: None
Name: 求索动物, URL: http://[2409:8087:5e01:24::8]:6610/000000001000/2000000004000000009/index.m3u8?stbId=3&livemode=1&HlsProfileId=&channel-id=hnbblive&Contentid=2000000004000000009&IASHttpSessionId=OTT19019320240419154124000281$订阅源, Date: None, Delay: -inf ms, Speed: inf M/s, Resolution: None
Name: 求索动物, URL: http://[2409:8087:5e00:24::029]:6610/000000001000/2000000004000000009/index.m3u8?stbId=3&livemode=1&HlsProfileId=&channel-id=hnbblive&Contentid=2000000004000000009&IASHttpSessionId=OTT19019320240419154124000281$订阅源, Date: None, Delay: -inf ms, Speed: inf M/s, Resolution: None
Name: 求索动物, URL: http://zdy0607.f3322.net:35455/itv/6000000002000010046.m3u8?cdn=wasusyt$订阅源, Date: None, Delay: 929 ms, Speed: 3.31 M/s, Resolution: None
Name: 求索纪录, URL: http://[2409:8087:5e08:24::11]:6610/000000001000/2000000004000000010/index.m3u8?stbId=3&livemode=1&HlsProfileId=&channel-id=hnbblive&Contentid=2000000004000000010&IASHttpSessionId=OTT19019320240419154124000281&yang-1989$订阅源, Date: None, Delay: -inf ms, Speed: inf M/s, Resolution: None
Name: 求索纪录, URL: http://[2409:8087:5e08:24::11]:6610/000000001000/2000000004000000010/index.m3u8?stbId=3&livemode=1&HlsProfileId=&channel-id=hnbblive&Contentid=2000000004000000010&IASHttpSessionId=OTT19019320240419154124000281$订阅源, Date: None, Delay: -inf ms, Speed: inf M/s, Resolution: None
Name: 求索纪录, URL: http://[2409:8087:5e01:24::16]:6610/000000001000/2000000004000000010/index.m3u8?stbId=3&livemode=1&HlsProfileId=&channel-id=hnbblive&Contentid=2000000004000000010&IASHttpSessionId=OTT19019320240419154124000281$订阅源, Date: None, Delay: -inf ms, Speed: inf M/s, Resolution: None
Name: 求索纪录, URL: http://[2409:8087:5e01:24::16]:6610/000000001000/2000000004000000010/index.m3u8?stbId=3&livemode=1&HlsProfileId=&channel-id=hnbblive&Contentid=2000000004000000010&IAS$订阅源, Date: None, Delay: -inf ms, Speed: inf M/s, Resolution: None
Name: 求索纪录, URL: http://[2409:8087:5e01:24::8]:6610/000000001000/2000000004000000010/index.m3u8?stbId=3&livemode=1&HlsProfileId=&channel-id=hnbblive&Contentid=2000000004000000010&IASHttpSessionId=OTT19019320240419154124000281$订阅源, Date: None, Delay: -inf ms, Speed: inf M/s, Resolution: None
Name: 求索纪录, URL: http://[2409:8087:5e08:24::17]:6610/000000001000/2000000004000000010/index.m3u8?stbId=3&livemode=1&HlsProfileId=&channel-id=hnbblive&Contentid=2000000004000000010&IASHttpSessionId=OTT19019320240419154124000281$订阅源, Date: None, Delay: -inf ms, Speed: inf M/s, Resolution: None
Name: 求索纪录, URL: http://[2409:8087:5e08:24::17]:6610/000000001000/2000000004000000010/index.m3u8?stbId=3&livemode=1&HlsProfileId=&channel-id=hnbblive&Contentid=2000000004000000010&IASHttpSessionId=OTT19019320240419154124000281&yang-1989$订阅源, Date: None, Delay: -inf ms, Speed: inf M/s, Resolution: None
Name: 求索纪录, URL: http://zdy0607.f3322.net:35455/itv/6000000002000032052.m3u8?cdn=wasusyt$订阅源, Date: None, Delay: 929 ms, Speed: 3.31 M/s, Resolution: None
Name: 求索纪录, URL: http://[2409:8087:5e00:24::029]:6610/000000001000/2000000004000000010/index.m3u8?stbId=3&livemode=1&HlsProfileId=&channel-id=hnbblive&Contentid=2000000004000000010&IASHttpSessionId=OTT19019320240419154124000281$订阅源, Date: None, Delay: -inf ms, Speed: inf M/s, Resolution: None
Name: 求索科学, URL: http://[2409:8087:5e08:24::11]:6610/000000001000/2000000004000000011/index.m3u8?stbId=3&livemode=1&HlsProfileId=&channel-id=hnbblive&Contentid=2000000004000000011&IASHttpSessionId=OTT19019320240419154124000281$订阅源, Date: None, Delay: -inf ms, Speed: inf M/s, Resolution: None
Name: 求索科学, URL: http://[2409:8087:5e01:24::16]:6610/000000001000/2000000004000000011/index.m3u8?stbId=3&livemode=1&HlsProfileId=&channel-id=hnbblive&Contentid=2000000004000000011&IASHttpSessionId=OTT19019320240419154124000281$订阅源, Date: None, Delay: -inf ms, Speed: inf M/s, Resolution: None
Name: 求索科学, URL: http://[2409:8087:5e08:24::12]:6610/000000001000/2000000004000000011/index.m3u8?stbId=3&livemode=1&HlsProfileId=&channel-id=hnbblive&Contentid=2000000004000000011&IAShttpSessionId=OTT19019320240419154124000281$订阅源, Date: None, Delay: -inf ms, Speed: inf M/s, Resolution: None
Name: 求索科学, URL: http://[2409:8087:5e08:24::12]:6610/000000001000/2000000004000000011/index.m3u8?stbId=3&livemode=1&HlsProfileId=&channel-id=hnbblive&Contentid=2000000004000000011&IASHttpSessionId=OTT19019320240419154124000281$订阅源, Date: None, Delay: -inf ms, Speed: inf M/s, Resolution: None
Name: 求索科学, URL: http://[2409:8087:5e01:24::16]:6610/000000001000/2000000004000000011/index.m3u8?stbId=3&livemode=1&HlsProfileId=&channel-id=hnbblive&Contentid=2000000004000000011&IAS$订阅源, Date: None, Delay: -inf ms, Speed: inf M/s, Resolution: None
Name: 求索科学, URL: http://[2409:8087:5e08:24::11]:6610/000000001000/2000000004000000011/index.m3u8?stbId=3&livemode=1&HlsProfileId=&channel-id=hnbblive&Contentid=2000000004000000011&IASHttpSessionId=OTT19019320240419154124000281&yang-1989$订阅源, Date: None, Delay: -inf ms, Speed: inf M/s, Resolution: None
Name: 求索科学, URL: http://[2409:8087:5e08:24::17]:6610/000000001000/2000000004000000011/index.m3u8?stbId=3&livemode=1&HlsProfileId=&channel-id=hnbblive&Contentid=2000000004000000011&IASHttpSessionId=OTT19019320240419154124000281$订阅源, Date: None, Delay: -inf ms, Speed: inf M/s, Resolution: None
Name: 求索科学, URL: http://[2409:8087:5e08:24::17]:6610/000000001000/2000000004000000011/index.m3u8?stbId=3&livemode=1&HlsProfileId=&channel-id=hnbblive&Contentid=2000000004000000011&IASHttpSessionId=OTT19019320240419154124000281&yang-1989$订阅源, Date: None, Delay: -inf ms, Speed: inf M/s, Resolution: None
Name: 求索科学, URL: http://[2409:8087:5e01:24::8]:6610/000000001000/2000000004000000011/index.m3u8?stbId=3&livemode=1&HlsProfileId=&channel-id=hnbblive&Contentid=2000000004000000011&IASHttpSessionId=OTT19019320240419154124000281$订阅源, Date: None, Delay: -inf ms, Speed: inf M/s, Resolution: None
Name: 求索科学, URL: http://zdy0607.f3322.net:35455/itv/6000000002000032344.m3u8?cdn=wasusyt$订阅源, Date: None, Delay: 929 ms, Speed: 3.31 M/s, Resolution: None
Name: 求索科学, URL: http://[2409:8087:5e00:24::029]:6610/000000001000/2000000004000000011/index.m3u8?stbId=3&livemode=1&HlsProfileId=&channel-id=hnbblive&Contentid=2000000004000000011&IASHttpSessionId=OTT19019320240419154124000281$订阅源, Date: None, Delay: -inf ms, Speed: inf M/s, Resolution: None
Name: 淘电影, URL: http://111.196.191.248:5555/rtp/239.3.1.250:8001$组播源, Date: None, Delay: 399 ms, Speed: 0.30 M/s, Resolution: None
Name: 淘电影, URL: http://222.129.33.14:8888/rtp/239.3.1.250:8001$组播源, Date: None, Delay: None ms, Speed: 0.00 M/s, Resolution: None
Name: 淘电影, URL: http://114.246.180.128:4022/rtp/239.3.1.250:8001$组播源, Date: None, Delay: None ms, Speed: 0.00 M/s, Resolution: None
Name: 淘电影, URL: http://111.196.131.46:20000/rtp/239.3.1.250:8001$组播源, Date: None, Delay: None ms, Speed: 0.00 M/s, Resolution: None
Name: 星空卫视, URL: http://122.224.58.42:85/tsfile/live/1024_1.m3u8?key=txiptv&playlive=1&authid=0$订阅源, Date: None, Delay: None ms, Speed: 0.00 M/s, Resolution: None
Name: 东森电影, URL: http://50.7.234.10:8278/ettvmovie/playlist.m3u8?tid=MDED1943740419437404&ct=19225&tsum=120834a4218c4b5c3bb19efb8116f859$订阅源, Date: None, Delay: 291 ms, Speed: 0.63 M/s, Resolution: None
Name: 东森电影, URL: http://50.7.234.10:8278/ettvmovie/playlist.m3u8?tid=MBDB9268852192688521&ct=19254&tsum=7514b50ebc2e4b06f2e402578d0ac996$订阅源, Date: None, Delay: 291 ms, Speed: 0.63 M/s, Resolution: None
Name: 东森超视, URL: http://38.64.72.148:80/hls/modn/list/2013/chunklist0.m3u8$订阅源, Date: None, Delay: 23 ms, Speed: 1.62 M/s, Resolution: None
Name: 东森超视, URL: http://38.64.72.148:80/hls/modn/list/2013/chunklist1.m3u8$订阅源, Date: None, Delay: 23 ms, Speed: 1.62 M/s, Resolution: None
Name: 广东体育, URL: http://121.33.239.242:9901/tsfile/live/1001_1.m3u8?key=txiptv&playlive=1&authid=0$订阅源, Date: None, Delay: 651 ms, Speed: 0.08 M/s, Resolution: None
Name: 广东体育, URL: http://120.77.205.62:8087/rtp/239.77.0.112:5146$组播源, Date: None, Delay: 392 ms, Speed: 0.00 M/s, Resolution: None
Name: 广东体育, URL: http://120.77.205.62:8087/rtp/239.77.1.97:5146$组播源, Date: None, Delay: 392 ms, Speed: 0.00 M/s, Resolution: None
Name: 广东体育, URL: http://120.77.205.62:8087/rtp/239.77.0.168:5146$组播源, Date: None, Delay: 392 ms, Speed: 0.00 M/s, Resolution: None
Name: 广东体育, URL: http://183.3.134.56:9901/tsfile/live/0142_1.m3u8$订阅源, Date: None, Delay: 379 ms, Speed: 0.02 M/s, Resolution: None
Name: 广东体育, URL: http://r.jdshipin.com/LiYdg$订阅源, Date: None, Delay: None ms, Speed: 0.00 M/s, Resolution: None
Name: 广东体育, URL: http://14.212.185.71:9901/tsfile/live/1003_1.m3u8$订阅源, Date: None, Delay: 1034 ms, Speed: 0.04 M/s, Resolution: None
Name: 广东体育, URL: http://183.11.239.36:808/hls/2/index.m3u8$订阅源, Date: None, Delay: 382 ms, Speed: 0.01 M/s, Resolution: None
Name: 五星体育, URL: http://[2409:8087:5e08:24::17]:6610/000000001000/2000000002000000007/index.m3u8?stbId=3&livemode=1&HlsProfileId=&channel-id=hnbblive&Contentid=2000000002000000007&IASHttpSessionId=OTT19019320240419154124000281$订阅源, Date: None, Delay: -inf ms, Speed: inf M/s, Resolution: None
Name: 五星体育, URL: http://[2409:8087:1e03:21::42]:6610/cms001/ch00000090990000001018/index.m3u8?$订阅源, Date: None, Delay: -inf ms, Speed: inf M/s, Resolution: None
Name: 五星体育, URL: http://[2409:8087:5e01:24::16]:6610/000000001000/2000000002000000007/index.m3u8?stbId=3&livemode=1&HlsProfileId=&channel-id=hnbblive&Contentid=2000000002000000007&IASHttpSessionId=OTT19019320240419154124000281$订阅源, Date: None, Delay: -inf ms, Speed: inf M/s, Resolution: None
Name: 五星体育, URL: http://[2409:8087:5e08:24::11]:6610/000000001000/2000000002000000007/index.m3u8?stbId=3&livemode=1&HlsProfileId=&channel-id=hnbblive&Contentid=2000000002000000007&IASHttpSessionId=OTT19019320240419154124000281$订阅源, Date: None, Delay: -inf ms, Speed: inf M/s, Resolution: None
Name: 五星体育, URL: http://[2409:8087:5e08:24::11]:6610/000000001000/2000000002000000007/index.m3u8?stbId=3&livemode=1&HlsProfileId=&channel-id=hnbblive&Contentid=2000000002000000007$订阅源, Date: None, Delay: -inf ms, Speed: inf M/s, Resolution: None
Name: 五星体育, URL: http://[2409:8087:5e08:24::17]:6610/000000001000/2000000002000000007/index.m3u8?stbId=3&livemode=1&HlsProfileId=&channel-id=hnbblive&Contentid=2000000002000000007&IASHttpSessionId=OTT19019320240419154124000281&yang-1989$订阅源, Date: None, Delay: -inf ms, Speed: inf M/s, Resolution: None
Name: 五星体育, URL: http://[2409:8087:5e08:24::12]:6610/000000001000/2000000002000000007/index.m3u8?stbId=3&livemode=1&HlsProfileId=&channel-id=hnbblive&Contentid=2000000002000000007&IAShttpSessionId=OTT19019320240419154124000281$订阅源, Date: None, Delay: -inf ms, Speed: inf M/s, Resolution: None
Name: 五星体育, URL: http://[2409:8087:5e08:24::11]:6610/000000001000/5000000010000017540/1.m3u8?channel-id=bestzb&Contentid=5000000010000017540&livemode=1&stbId=3$订阅源, Date: None, Delay: -inf ms, Speed: inf M/s, Resolution: None
Name: 五星体育, URL: http://[2409:8087:5e08:24::11]:6610/000000001000/2000000002000000007/index.m3u8?stbId=3&livemode=1&HlsProfileId=&channel-id=hnbblive&Contentid=2000000002000000007&IASHttpSessionId=OTT19019320240419154124000281&yang-1989$订阅源, Date: None, Delay: -inf ms, Speed: inf M/s, Resolution: None
Name: 五星体育, URL: http://[2409:8087:5e01:24::16]:6610/000000001000/2000000002000000007/index.m3u8?stbId=3&livemode=1&HlsProfileId=&channel-id=hnbblive&Contentid=2000000002000000007&IAS$订阅源, Date: None, Delay: -inf ms, Speed: inf M/s, Resolution: None
Name: 五星体育, URL: http://[2409:8087:5e01:24::8]:6610/000000001000/2000000002000000007/index.m3u8?stbId=3&livemode=1&HlsProfileId=&channel-id=hnbblive&Contentid=2000000002000000007&IASHttpSessionId=OTT19019320240419154124000281$订阅源, Date: None, Delay: -inf ms, Speed: inf M/s, Resolution: None
Name: 五星体育, URL: http://139.196.151.191:6846/rtp/239.45.3.210:5140$组播源, Date: None, Delay: 2640 ms, Speed: 0.04 M/s, Resolution: None
Name: 五星体育, URL: http://139.196.151.191:3970/rtp/239.45.3.210:5140$组播源, Date: None, Delay: 5421 ms, Speed: 0.02 M/s, Resolution: None
Name: 五星体育, URL: http://61.173.144.157:9901/tsfile/live/1010_1.m3u8?key=txiptv&playlive=1&authid=0$订阅源, Date: None, Delay: 603 ms, Speed: 0.01 M/s, Resolution: None
Name: 五星体育, URL: http://61.173.144.157:9901/tsfile/live/1010_1.m3u8$订阅源, Date: None, Delay: 603 ms, Speed: 0.01 M/s, Resolution: None
Name: 五星体育, URL: http://139.196.151.191:7549/rtp/239.45.3.210:5140$组播源, Date: None, Delay: 3400 ms, Speed: 0.03 M/s, Resolution: None
Name: 广州竞赛, URL: http://tencentplaygzrb01.gztv.com/live/jingsai.m3u8$订阅源, Date: None, Delay: 2396 ms, Speed: 0.28 M/s, Resolution: None
Name: 山东体育, URL: http://221.0.78.198:1681/hls/10224/index.m3u8$订阅源, Date: None, Delay: 1502 ms, Speed: 0.08 M/s, Resolution: None
Name: 山东体育, URL: http://123.129.70.178:9901/tsfile/live/1003_1.m3u8$订阅源, Date: None, Delay: 1302 ms, Speed: 0.03 M/s, Resolution: None
Name: 山东体育, URL: http://123.130.84.106:8154/tsfile/live/1006_1.m3u8$订阅源, Date: None, Delay: 498 ms, Speed: 0.01 M/s, Resolution: None
Name: 山东体育, URL: http://123.129.70.178:9901/tsfile/live/1003_1.m3u8?key=txiptv&playlive=1&authid=0$订阅源, Date: None, Delay: 1302 ms, Speed: 0.03 M/s, Resolution: None
Name: 山东体育, URL: http://111.14.181.15:9901/tsfile/live/1022_1.m3u8?key=tvbox6_com&playlive=1&authid=0$订阅源, Date: None, Delay: 985 ms, Speed: 0.06 M/s, Resolution: None
Name: 山东体育, URL: http://221.2.148.205:8154/tsfile/live/1006_1.m3u8$订阅源, Date: None, Delay: 416 ms, Speed: 0.09 M/s, Resolution: None
Name: 山东体育, URL: http://112.234.21.109:9901/tsfile/live/0001_2.m3u8$订阅源, Date: None, Delay: 401 ms, Speed: 0.07 M/s, Resolution: None
Name: 山东体育, URL: http://61.156.228.12:8154/tsfile/live/1006_1.m3u8$订阅源, Date: None, Delay: 604 ms, Speed: 0.01 M/s, Resolution: None
Name: 山东体育, URL: http://61.156.228.12:8154/tsfile/live/1006_1.m3u8?key=txiptv&playlive=1&authid=0$订阅源, Date: None, Delay: 604 ms, Speed: 0.01 M/s, Resolution: None
Name: 山东体育, URL: http://144.52.160.109:9901/tsfile/live/1024_1.m3u8$订阅源, Date: None, Delay: 1015 ms, Speed: 0.02 M/s, Resolution: None
Name: 山东体育, URL: http://123.132.233.194:352/tsfile/live/1001_1.m3u8?key=txiptv&playlive=1&authid=0$订阅源, Date: None, Delay: 1114 ms, Speed: 0.02 M/s, Resolution: None
Name: 山东体育, URL: http://139.129.231.228:50060/rtp/239.21.1.141:5002$组播源, Date: None, Delay: 2397 ms, Speed: 0.03 M/s, Resolution: None
Name: 山东体育, URL: http://123.129.70.178:9901/tsfile/live/1001_1.m3u8?key=txiptv&playlive=1&authid=0$订阅源, Date: None, Delay: 1302 ms, Speed: 0.03 M/s, Resolution: None
Name: 山东体育, URL: http://139.129.231.228:3529/rtp/239.21.1.141:5002$组播源, Date: None, Delay: 3459 ms, Speed: 0.02 M/s, Resolution: None
Name: 山东体育, URL: http://58.57.40.22:9901/tsfile/live/1020_1.m3u8$订阅源, Date: None, Delay: None ms, Speed: 0.00 M/s, Resolution: None
Name: 山东体育, URL: http://123.132.233.194:352/tsfile/live/1001_1.m3u8$订阅源, Date: None, Delay: 1114 ms, Speed: 0.02 M/s, Resolution: None
Name: 山东体育, URL: http://111.14.181.15:9901/tsfile/live/1022_1.m3u8$订阅源, Date: None, Delay: 985 ms, Speed: 0.06 M/s, Resolution: None
Name: 安徽综艺体育, URL: http://snapshot-live-ht.ahtv.cn/atvrtmp/143_q_live161829415240627.m3u8$订阅源, Date: None, Delay: 1234 ms, Speed: 0.00 M/s, Resolution: None
Name: 睛彩篮球, URL: http://[2409:8087:1a01:df::7005]:80/TVOD/88888888/224/3221226027/main.m3u8$订阅源, Date: None, Delay: -inf ms, Speed: inf M/s, Resolution: None
Name: 睛彩篮球, URL: http://[2409:8087:5e00:24::1e]:6060/000000001000/1000000006000270002/1.m3u8$订阅源, Date: None, Delay: -inf ms, Speed: inf M/s, Resolution: None
Name: 睛彩篮球, URL: http://[2409:8087:74d9:21::6]:80/270000001128/9900000118/index.m3u8?channel-id=newtv&livemode=4&Contentid=9900000405$订阅源, Date: None, Delay: -inf ms, Speed: inf M/s, Resolution: None
Name: 睛彩篮球, URL: http://[2409:8087:1a01:df::7005]/TVOD/88888888/224/3221226027/main.m3u8$订阅源, Date: None, Delay: -inf ms, Speed: inf M/s, Resolution: None
Name: 睛彩篮球, URL: http://[2409:8087:1a01:df::7005]/ottrrs.hl.chinamobile.com/PLTV/88888888/224/3221226469/index.m3u8$订阅源, Date: None, Delay: -inf ms, Speed: inf M/s, Resolution: None
Name: 睛彩篮球, URL: http://[2409:8087:1a0a:df::404b]:80/ottrrs.hl.chinamobile.com/PLTV/88888888/224/3221226147/index.m3u8$订阅源, Date: None, Delay: -inf ms, Speed: inf M/s, Resolution: None
Name: 睛彩篮球, URL: http://[2409:8087:1a01:df::4055]:80/TVOD/88888888/224/3221225901/main.m3u8$订阅源, Date: None, Delay: -inf ms, Speed: inf M/s, Resolution: None
Name: 睛彩篮球, URL: http://[2409:8087:74f0:22::4]:6410/270000001128/9900000118/index.m3u8?channel-id=newtv&livemode=4&Contentid=9900000405$订阅源, Date: None, Delay: -inf ms, Speed: inf M/s, Resolution: None
Name: 睛彩篮球, URL: http://[2409:8087:5e00:24::1e]:6060/000000001000/1000000006000270006/1.m3u8$订阅源, Date: None, Delay: -inf ms, Speed: inf M/s, Resolution: None
Name: 睛彩篮球, URL: http://[2409:8087:1a01:df::7005]:80/TVOD/88888888/224/3221225895/main.m3u8$订阅源, Date: None, Delay: -inf ms, Speed: inf M/s, Resolution: None
Name: 睛彩篮球, URL: http://[2409:8087:1a01:df::7005]:80/ottrrs.hl.chinamobile.com/TVOD/88888888/224/3221226147/index.m3u8$订阅源, Date: None, Delay: -inf ms, Speed: inf M/s, Resolution: None
Name: 睛彩篮球, URL: http://[2409:8087:1a01:df::7005]/TVOD/88888888/224/3221225895/main.m3u8$订阅源, Date: None, Delay: -inf ms, Speed: inf M/s, Resolution: None
Name: 睛彩篮球, URL: http://[2409:8087:1a01:df::7005]/ottrrs.hl.chinamobile.com/PLTV/88888888/224/3221226147/index.m3u8$订阅源, Date: None, Delay: -inf ms, Speed: inf M/s, Resolution: None
Name: 睛彩篮球, URL: http://[2409:8087:74d9:21::6]:80/270000001128/9900000118/index.m3u8$订阅源, Date: None, Delay: -inf ms, Speed: inf M/s, Resolution: None
Name: 睛彩篮球, URL: http://[2409:8087:74d6:22::7]:6410/270000001128/9900000118/index.m3u8?channel-id=newtv&livemode=4&Contentid=9900000118$订阅源, Date: None, Delay: -inf ms, Speed: inf M/s, Resolution: None
Name: 睛彩篮球, URL: http://[2409:8087:74d6:22::7]:6410/270000001128/9900000118/index.m3u8?$订阅源, Date: None, Delay: -inf ms, Speed: inf M/s, Resolution: None
Name: 睛彩篮球, URL: http://zdy0607.f3322.net:35455/itv/2000000003000000065.m3u8?cdn=hnbblive$订阅源, Date: None, Delay: 929 ms, Speed: 3.31 M/s, Resolution: None
Name: 睛彩篮球, URL: http://zdy0607.f3322.net:35455/itv/2000000003000000061.m3u8?cdn=hnbblive$订阅源, Date: None, Delay: 929 ms, Speed: 3.31 M/s, Resolution: None
Name: 睛彩篮球, URL: http://[2409:8087:5e08:24::15]:6610/000000001000/3000000020000011529/index.m3u8?channel-id=FifastbLive&Contentid=3000000020000011529&livemode=1&stbId=3$订阅源, Date: None, Delay: -inf ms, Speed: inf M/s, Resolution: None
Name: 睛彩篮球, URL: http://zdy0607.f3322.net:35455/itv/1000000006000270002.m3u8?cdn=ystenlive$订阅源, Date: None, Delay: 929 ms, Speed: 3.31 M/s, Resolution: None
Name: 睛彩篮球, URL: http://zdy0607.f3322.net:35455/itv/1000000006000270006.m3u8?cdn=ystenlive$订阅源, Date: None, Delay: 929 ms, Speed: 3.31 M/s, Resolution: None
Name: 睛彩篮球, URL: http://[2409:8087:1a01:df::7005]/ottrrs.hl.chinamobile.com/PLTV/88888888/8/3221226147/index.m3u8$订阅源, Date: None, Delay: -inf ms, Speed: inf M/s, Resolution: None
Name: 睛彩广场舞, URL: http://[2409:8087:1a01:df::7005]:80/ottrrs.hl.chinamobile.com/TVOD/88888888/224/3221226472/index.m3u8$订阅源, Date: None, Delay: -inf ms, Speed: inf M/s, Resolution: None
Name: 睛彩广场舞, URL: http://[2409:8087:1a01:df::7005]/ottrrs.hl.chinamobile.com/TVOD/88888888/224/3221226472/index.m3u8$订阅源, Date: None, Delay: -inf ms, Speed: inf M/s, Resolution: None
Name: 睛彩广场舞, URL: http://[2409:8087:5e08:24::15]:6610/000000001000/3000000020000011524/index.m3u8?channel-id=FifastbLive&Contentid=3000000020000011524&livemode=1&stbId=3$订阅源, Date: None, Delay: -inf ms, Speed: inf M/s, Resolution: None
Name: 天元围棋, URL: http://123.101.98.163:2000/rtp/239.16.20.126:11260$组播源, Date: None, Delay: 416 ms, Speed: 0.00 M/s, Resolution: None
Name: 快乐垂钓, URL: http://[2409:8087:5e00:24::1e]:6060/000000001000/5000000011000031206/1.m3u8$订阅源, Date: None, Delay: -inf ms, Speed: inf M/s, Resolution: None
Name: 快乐垂钓, URL: http://[2409:8087:5e08:24::11]:6610/000000001000/5000000011000031206/index.m3u8?channel-id=bestzb&Contentid=5000000011000031206&livemode=1&stbId=3$订阅源, Date: None, Delay: -inf ms, Speed: inf M/s, Resolution: None
Name: 快乐垂钓, URL: http://[2409:8087:4c0a:22:1::11]:6410/170000001115/UmaiCHAN638729b6002c4/index.m3u8?m3u8_level=2$订阅源, Date: None, Delay: -inf ms, Speed: inf M/s, Resolution: None
Name: 快乐垂钓, URL: http://[2409:8087:5e08:24::11]:6610/000000001000/5000000011000031206/index.m3u8?channel-id=bestzb&Contentid=5000000011000031206&livemode=1&stbId=YanG-1989$订阅源, Date: None, Delay: -inf ms, Speed: inf M/s, Resolution: None
Name: 快乐垂钓, URL: http://[2409:8087:5e08:24::11]:6610/000000001000/5000000011000031206/1.m3u8?channel-id=bestzb&Contentid=5000000011000031206&livemode=1&stbId=3$订阅源, Date: None, Delay: -inf ms, Speed: inf M/s, Resolution: None
Name: 快乐垂钓, URL: http://[2409:8087:5e08:24::17]:6610/000000001000/5000000011000031206/index.m3u8?channel-id=bestzb&Contentid=5000000011000031206&livemode=1&stbId=YanG-198$订阅源, Date: None, Delay: -inf ms, Speed: inf M/s, Resolution: None
Name: 快乐垂钓, URL: http://58.19.38.162:9901/tsfile/live/1033_1.m3u8?key=txiptv&playlive=1&authid=0$订阅源, Date: None, Delay: 439 ms, Speed: 0.85 M/s, Resolution: None
Name: 快乐垂钓, URL: http://[2409:8087:5e08:24::2]:6610/000000001000/5000000011000031206/index.m3u8?channel-id=bestzb&Contentid=5000000011000031206&livemode=1&stbId=3$订阅源, Date: None, Delay: -inf ms, Speed: inf M/s, Resolution: None
Name: 快乐垂钓, URL: http://58.19.38.162:9901/tsfile/live/1033_1.m3u8$订阅源, Date: None, Delay: 439 ms, Speed: 0.85 M/s, Resolution: None
Name: 快乐垂钓, URL: http://[2409:8087:5e08:24::17]:6610/000000001000/5000000011000031206/index.m3u8?channel-id=bestzb&Contentid=5000000011000031206&livemode=1&stbId=YanG-1989$订阅源, Date: None, Delay: -inf ms, Speed: inf M/s, Resolution: None
Name: 快乐垂钓, URL: http://[2409:8087:5e08:24::d]:6610/000000001000/5000000011000031206/index.m3u8?channel-id=bestzb&Contentid=5000000011000031206&livemode=1&stbId=YanG-1989$订阅源, Date: None, Delay: -inf ms, Speed: inf M/s, Resolution: None
Name: 快乐垂钓, URL: http://www.furymax.top:85/rtp/239.69.1.142:10488$组播源, Date: None, Delay: None ms, Speed: 0.00 M/s, Resolution: None
Name: 优漫卡通, URL: http://[2409:8087:1a01:df::7005]:80/ottrrs.hl.chinamobile.com/PLTV/88888888/224/3221225656/index.m3u8$订阅源, Date: None, Delay: -inf ms, Speed: inf M/s, Resolution: None
Name: 优漫卡通, URL: http://[2409:8087:5e00:24::1e]:6060/200000001898/460000089800010118/1.m3u8$订阅源, Date: None, Delay: -inf ms, Speed: inf M/s, Resolution: None
Name: 优漫卡通, URL: http://[2409:8087:3c02:0021:0000:0001:0000:100a]:6410/shandong_cabletv.live.zte.com////CHANNEL00000049/index.m3u8?IASHttpSessionId=$订阅源, Date: None, Delay: -inf ms, Speed: inf M/s, Resolution: None
Name: 优漫卡通, URL: http://[2409:8087:74d9:21::6]/270000001128/9900000070/index.m3u8$订阅源, Date: None, Delay: -inf ms, Speed: inf M/s, Resolution: None
Name: 优漫卡通, URL: http://[2409:8087:1a0b:df::4005]:80/ottrrs.hl.chinamobile.com/PLTV/88888888/224/3221225656/index.m3u8$订阅源, Date: None, Delay: -inf ms, Speed: inf M/s, Resolution: None
Name: 优漫卡通, URL: http://[2409:8087:1a01:df::7005]/ottrrs.hl.chinamobile.com/PLTV/88888888/224/3221225656/index.m3u8$订阅源, Date: None, Delay: -inf ms, Speed: inf M/s, Resolution: None
Name: 优漫卡通, URL: http://[2409:8087:1a0b:df::4005]:80/ottrrs.hl.chinamobile.com/TVOD/88888888/224/3221225656/index.m3u8$订阅源, Date: None, Delay: -inf ms, Speed: inf M/s, Resolution: None
Name: 优漫卡通, URL: http://[2409:8087:74d9:21::6]:80/270000001128/9900000070/index.m3u8$订阅源, Date: None, Delay: -inf ms, Speed: inf M/s, Resolution: None
Name: 优漫卡通, URL: http://[2409:8087:1a01:df::7005]/ottrrs.hl.chinamobile.com/PLTV/2/224/3221225656/2.m3u8$订阅源, Date: None, Delay: -inf ms, Speed: inf M/s, Resolution: None
Name: 优漫卡通, URL: http://[2409:8087:74d6:22::7]:6410/270000001128/9900000070/index.m3u8?channel-id=newtv&livemode=4&Contentid=9900000070$订阅源, Date: None, Delay: -inf ms, Speed: inf M/s, Resolution: None
Name: 优漫卡通, URL: http://[2409:8087:5e00:24::1e]:6060/000000001000/1000000002000010063/1.m3u8$订阅源, Date: None, Delay: -inf ms, Speed: inf M/s, Resolution: None
Name: 优漫卡通, URL: http://[2409:8087:74d6:22::7]:6410/270000001128/9900000070/index.m3u8?$订阅源, Date: None, Delay: -inf ms, Speed: inf M/s, Resolution: None
Name: 优漫卡通, URL: http://110.53.218.182:9902/tsfile/live/1006_1.m3u8$订阅源, Date: None, Delay: 377 ms, Speed: 0.03 M/s, Resolution: None
Name: 优漫卡通, URL: http://106.111.74.38:10001/rtp/239.49.8.119:8000$组播源, Date: None, Delay: None ms, Speed: 0.00 M/s, Resolution: None
Name: 优漫卡通, URL: http://139.129.231.228:3529/rtp/239.21.1.50:5002$组播源, Date: None, Delay: 3459 ms, Speed: 0.02 M/s, Resolution: None
Name: 优漫卡通, URL: http://144.52.160.109:9901/tsfile/live/1057_1.m3u8$订阅源, Date: None, Delay: 1015 ms, Speed: 0.02 M/s, Resolution: None
Name: 金鹰卡通, URL: http://[2409:8087:4c0a:22:1::11]:6410/170000001115/UmaiCHAN6000057BESTVSMGSMG/index.m3u8?AuthInfo=9kOOdBn7MFF%2F2bWjKgahUTWDyIgRkFJBAHMhA2ayG0T0ZQXwaiVktPr6ILPKXqwOw2VoxnxHvBSRSzCCC3szSwIgrD0rUpRXeaqChwLXCf0$订阅源, Date: None, Delay: -inf ms, Speed: inf M/s, Resolution: None
Name: 金鹰卡通, URL: http://[2409:8087:5e00:24::1e]:6060/000000001000/1000000002000016601/1.m3u8$订阅源, Date: None, Delay: -inf ms, Speed: inf M/s, Resolution: None
Name: 金鹰卡通, URL: http://[2409:8087:1a0b:df::4008]:80/ottrrs.hl.chinamobile.com/PLTV/88888888/224/3221225653/index.m3u8$订阅源, Date: None, Delay: -inf ms, Speed: inf M/s, Resolution: None
Name: 金鹰卡通, URL: http://[2409:8087:1a0b:df::4008]:80/ottrrs.hl.chinamobile.com/TVOD/88888888/224/3221225653/index.m3u8$订阅源, Date: None, Delay: -inf ms, Speed: inf M/s, Resolution: None
Name: 金鹰卡通, URL: http://[2409:8087:74d9:21::6]:80/270000001128/9900000039/index.m3u8$订阅源, Date: None, Delay: -inf ms, Speed: inf M/s, Resolution: None
Name: 金鹰卡通, URL: http://[2409:8087:5e00:24::1e]:6060/200000001898/460000089800010107/1.m3u8$订阅源, Date: None, Delay: -inf ms, Speed: inf M/s, Resolution: None
Name: 金鹰卡通, URL: http://[2409:8087:74d9:21::4]/270000001128/index.m3u8?cmcc_cid=9900000039$订阅源, Date: None, Delay: -inf ms, Speed: inf M/s, Resolution: None
Name: 金鹰卡通, URL: http://59.48.75.130:3052/tsfile/live/1006_1.m3u8$订阅源, Date: None, Delay: 652 ms, Speed: 0.21 M/s, Resolution: None
Name: 金鹰卡通, URL: http://[2409:8087:1a01:df::7005]/ottrrs.hl.chinamobile.com/PLTV/2/224/3221225653/2.m3u8$订阅源, Date: None, Delay: -inf ms, Speed: inf M/s, Resolution: None
Name: 金鹰卡通, URL: http://[2409:8087:74d9:21::6]:80/270000001322/69900158041111100000002240/index.m3u8$订阅源, Date: None, Delay: -inf ms, Speed: inf M/s, Resolution: None
Name: 金鹰卡通, URL: http://[2409:8087:3c02:0021:0000:0001:0000:100a]:6410/shandong_cabletv.live.zte.com////CHANNEL00002027/index.m3u8?IASHttpSessionId=$订阅源, Date: None, Delay: -inf ms, Speed: inf M/s, Resolution: None
Name: 金鹰卡通, URL: http://[2409:8087:5e00:24::1e]:6060/000000001000/5000000006000040024/1.m3u8$订阅源, Date: None, Delay: -inf ms, Speed: inf M/s, Resolution: None
Name: 金鹰卡通, URL: http://[2409:8087:74d9:21::6]/270000001128/9900000039/index.m3u8$订阅源, Date: None, Delay: -inf ms, Speed: inf M/s, Resolution: None
Name: 金鹰卡通, URL: http://119.36.148.115:59901/tsfile/live/1011_1.m3u8$订阅源, Date: None, Delay: 2382 ms, Speed: 0.01 M/s, Resolution: None
Name: 金鹰卡通, URL: http://61.157.139.15:9901/tsfile/live/2419_1.m3u8$订阅源, Date: None, Delay: 901 ms, Speed: 0.48 M/s, Resolution: None
Name: 金鹰卡通, URL: http://[2409:8087:1a01:df::7005]:80/ottrrs.hl.chinamobile.com/PLTV/88888888/224/3221225653/index.m3u8$订阅源, Date: None, Delay: -inf ms, Speed: inf M/s, Resolution: None
Name: 金鹰卡通, URL: http://[2409:8087:1a01:df::7005]/ottrrs.hl.chinamobile.com/PLTV/88888888/224/3221225653/index.m3u8$订阅源, Date: None, Delay: -inf ms, Speed: inf M/s, Resolution: None
Name: 金鹰卡通, URL: http://[2409:8087:5e08:24::11]:6610/000000001000/5000000006000040024/index.m3u8?channel-id=bestzb&Contentid=5000000006000040024&livemode=1&stbId=YanG-1989$订阅源, Date: None, Delay: -inf ms, Speed: inf M/s, Resolution: None
Name: 金鹰卡通, URL: http://[2409:8087:74d9:21::4]:80/270000001128/index.m3u8?cmcc_cid=9900000039$订阅源, Date: None, Delay: -inf ms, Speed: inf M/s, Resolution: None
Name: 金鹰卡通, URL: http://61.157.139.15:9901/tsfile/live/2419_1.m3u8?key=txiptv&playlive=1&authid=0$订阅源, Date: None, Delay: 901 ms, Speed: 0.48 M/s, Resolution: None
Name: 金鹰卡通, URL: http://[2409:8087:5e08:24::11]:6610/000000001000/5000000006000040024/index.m3u8?channel-id=bestzb&Contentid=5000000006000040024&livemode=1&stbId=3$订阅源, Date: None, Delay: -inf ms, Speed: inf M/s, Resolution: None
Name: 金鹰卡通, URL: http://[2409:8087:74d6:22::7]:6410/270000001128/9900000039/index.m3u8?$订阅源, Date: None, Delay: -inf ms, Speed: inf M/s, Resolution: None
Name: 金鹰卡通, URL: http://[2409:8087:5e08:24::17]:6610/000000001000/5000000006000040024/index.m3u8?channel-id=bestzb&Contentid=5000000006000040024&livemode=1&stbId=YanG-1989$订阅源, Date: None, Delay: -inf ms, Speed: inf M/s, Resolution: None
Name: 金鹰卡通, URL: http://59.48.75.130:3052/tsfile/live/1000_1.m3u8?key=txiptv&playlive=1&authid=0$订阅源, Date: None, Delay: 652 ms, Speed: 0.21 M/s, Resolution: None
Name: 金鹰卡通, URL: http://[2409:8087:5e08:24::2]:6610/000000001000/5000000006000040024/index.m3u8?channel-id=bestzb&Contentid=5000000006000040024&livemode=1&stbId=3$订阅源, Date: None, Delay: -inf ms, Speed: inf M/s, Resolution: None
Name: 金鹰卡通, URL: http://58.19.38.162:9901/tsfile/live/1031_1.m3u8$订阅源, Date: None, Delay: 439 ms, Speed: 0.85 M/s, Resolution: None
Name: 金鹰卡通, URL: http://110.80.17.38:9901/tsfile/live/0016_2.m3u8$订阅源, Date: None, Delay: 460 ms, Speed: 0.03 M/s, Resolution: None
Name: 金鹰卡通, URL: http://[2409:8087:5011:1020::1e]/180000001001/00000001000000001001000000000039/main.m3u8?IASHttpSessionId=OTT$订阅源, Date: None, Delay: -inf ms, Speed: inf M/s, Resolution: None
Name: 金鹰卡通, URL: http://221.0.78.198:1681/hls/10265/index.m3u8$订阅源, Date: None, Delay: 1502 ms, Speed: 0.08 M/s, Resolution: None
Name: 金鹰卡通, URL: http://223.166.234.9:7777/tsfile/live/1045_1.m3u8?key=txiptv&playlive=1&authid=0$订阅源, Date: None, Delay: 645 ms, Speed: 0.07 M/s, Resolution: None
Name: 金鹰卡通, URL: http://220.170.241.204:9901/tsfile/live/1005_1.m3u8$订阅源, Date: None, Delay: 436 ms, Speed: 0.59 M/s, Resolution: None
Name: 金鹰卡通, URL: http://61.138.128.226:19901/tsfile/live/1018_1.m3u8$订阅源, Date: None, Delay: 493 ms, Speed: 0.04 M/s, Resolution: None
Name: 金鹰卡通, URL: http://61.138.128.226:19901/tsfile/live/1018_1.m3u8?key=txiptv&playlive=1&authid=0$订阅源, Date: None, Delay: 493 ms, Speed: 0.04 M/s, Resolution: None
Name: 金鹰卡通, URL: http://116.128.242.83:9901/tsfile/live/1002_1.m3u8?key=txiptv&playlive=1&authid=0$订阅源, Date: None, Delay: 543 ms, Speed: 0.03 M/s, Resolution: None
Name: 金鹰卡通, URL: http://113.57.20.158:9901/tsfile/live/1000_1.m3u8?key=txiptv&playlive=1&authid=0$订阅源, Date: None, Delay: 1064 ms, Speed: 0.00 M/s, Resolution: None
Name: 金鹰卡通, URL: http://124.228.161.8:9901/tsfile/live/0011_1.m3u8$订阅源, Date: None, Delay: 435 ms, Speed: 0.08 M/s, Resolution: None
Name: 金鹰卡通, URL: http://218.89.240.144:59901/tsfile/live/1002_1.m3u8$订阅源, Date: None, Delay: 427 ms, Speed: 0.03 M/s, Resolution: None
Name: 金鹰卡通, URL: http://116.128.242.83:9901/tsfile/live/1002_1.m3u8$订阅源, Date: None, Delay: 543 ms, Speed: 0.03 M/s, Resolution: None
Name: 金鹰卡通, URL: http://121.19.134.139:808/tsfile/live/1027_1.m3u8$订阅源, Date: None, Delay: 1024 ms, Speed: 0.01 M/s, Resolution: None
Name: 金鹰卡通, URL: http://115.48.63.104:9901/tsfile/live/1019_1.m3u8?key=txiptv&playlive=1&authid=0$订阅源, Date: None, Delay: 459 ms, Speed: 0.37 M/s, Resolution: None
Name: 金鹰卡通, URL: http://144.52.160.109:9901/tsfile/live/1071_1.m3u8$订阅源, Date: None, Delay: 1015 ms, Speed: 0.02 M/s, Resolution: None
Name: 金鹰卡通, URL: http://www.furymax.top:85/rtp/239.69.1.248:11130$组播源, Date: None, Delay: None ms, Speed: 0.00 M/s, Resolution: None
Name: 金鹰卡通, URL: http://112.234.21.109:9901/tsfile/live/1021_1.m3u8$订阅源, Date: None, Delay: 401 ms, Speed: 0.07 M/s, Resolution: None
Name: 金鹰卡通, URL: http://183.66.15.146:60901/tsfile/live/0117_2.m3u8$订阅源, Date: None, Delay: 432 ms, Speed: 0.16 M/s, Resolution: None
Name: 金鹰卡通, URL: http://58.57.40.22:9901/tsfile/live/1059_1.m3u8$订阅源, Date: None, Delay: None ms, Speed: 0.00 M/s, Resolution: None
Name: 金鹰卡通, URL: http://113.57.20.158:9901/tsfile/live/1000_1.m3u8$订阅源, Date: None, Delay: 1064 ms, Speed: 0.00 M/s, Resolution: None
Name: 金鹰卡通, URL: http://111.160.17.2:59901/tsfile/live/0001_33.m3u8$订阅源, Date: None, Delay: 448 ms, Speed: 0.04 M/s, Resolution: None
Name: 金鹰卡通, URL: http://121.33.239.242:9901/tsfile/live/38727_1.m3u8$订阅源, Date: None, Delay: 651 ms, Speed: 0.08 M/s, Resolution: None
Name: 金鹰卡通, URL: http://58.19.43.46:9901/tsfile/live/1000_1.m3u8$订阅源, Date: None, Delay: 380 ms, Speed: 0.24 M/s, Resolution: None
Name: 金鹰卡通, URL: http://[2409:8087:5e08:24::d]:6610/000000001000/5000000006000040024/index.m3u8?channel-id=bestzb&Contentid=5000000006000040024&livemode=1&stbId=YanG-1989$订阅源, Date: None, Delay: -inf ms, Speed: inf M/s, Resolution: None
Name: 浙江少儿, URL: http://183.136.148.214:9901/tsfile/live/1012_1.m3u8$订阅源, Date: None, Delay: 528 ms, Speed: 0.16 M/s, Resolution: None
Name: 浙江少儿, URL: https://ct-m-l.cztv.com/channels/lantian/channel008/1080p.m3u8$订阅源, Date: None, Delay: 64 ms, Speed: 13.20 M/s, Resolution: None
Name: 浙江少儿, URL: https://ali-m-l.cztv.com/channels/lantian/channel008/1080p.m3u8?$订阅源, Date: None, Delay: 799 ms, Speed: 0.79 M/s, Resolution: None
Name: 浙江少儿, URL: http://ali-m-l.cztv.com/channels/lantian/channel008/1080p.m3u8$订阅源, Date: None, Delay: 834 ms, Speed: 0.89 M/s, Resolution: None
Name: 浙江少儿, URL: https://ali-m-l.cztv.com/channels/lantian/channel008/1080p.m3u8$订阅源, Date: None, Delay: 799 ms, Speed: 0.79 M/s, Resolution: None
Name: 浙江少儿, URL: http://120.55.49.231:2693/rtp/233.50.201.138:5140$组播源, Date: None, Delay: 2613 ms, Speed: 0.03 M/s, Resolution: None
Name: 浙江少儿, URL: http://120.55.49.231:7320/rtp/233.50.201.138:5140$组播源, Date: None, Delay: 5423 ms, Speed: 0.02 M/s, Resolution: None
Name: 浙江少儿, URL: http://120.55.49.231:3543/rtp/233.50.201.138:5140$组播源, Date: None, Delay: 2388 ms, Speed: 0.03 M/s, Resolution: None
